
🚀 [2025/5/15 18:54:29] 系统启动，开始初始化...
📊 初始数据库状态: 5个区块, 28条转账记录, 4个唯一地址
📋 已有区块: 0, 1, 2, 3, 4

🔄 [2025/5/15 18:54:29] 第 1 次区块扫描开始...
📊 扫描前状态: 5个区块, 28条转账记录, 4个唯一地址

=================================================
🌐 区块链数据服务已启动 - 2025/5/15 18:54:29
=================================================
🚀 服务器运行在 http://localhost:3005
🌍 前端页面: http://localhost:3005/
📊 查看所有区块: http://localhost:3005/blocks
🔍 查看特定区块: http://localhost:3005/blocks/{blockNumber}
🔍 查看特定区块中地址的转账记录: http://localhost:3005/block/{blockNumber}/address/{address}
🔍 查看指定地址的所有转账记录: http://localhost:3005/address/{address}
🔍 获取所有转账记录: http://localhost:3005/transfers
📈 查看统计信息: http://localhost:3005/stats
⏱️ 区块自动扫描已启动，每 5 秒扫描一次
=================================================
🔎 获取从区块 13 到 17 的 Transfer 事件...
✅ 获取到 5 个 Transfer 事件
✅ 已更新区块数据（共 5 个）
📊 已更新转账记录
✅ [2025/5/15 18:54:29] 第 1 次区块扫描完成 (耗时: 0.04秒)
📊 扫描后状态: 5个区块, 28条转账记录, 4个唯一地址
📈 新增: 0个区块, 0条转账记录
📋 当前区块: 0, 1, 2, 3, 4

🚀 初始化区块扫描完成
⏱️ 已设置自动扫描任务，每 5 秒执行一次

🔄 [2025/5/15 18:54:34] 第 2 次区块扫描开始...
📊 扫描前状态: 5个区块, 28条转账记录, 4个唯一地址
🔎 获取从区块 13 到 17 的 Transfer 事件...
✅ 获取到 5 个 Transfer 事件
✅ 已更新区块数据（共 5 个）
📊 已更新转账记录
✅ [2025/5/15 18:54:34] 第 2 次区块扫描完成 (耗时: 0.02秒)
📊 扫描后状态: 5个区块, 28条转账记录, 4个唯一地址
📈 新增: 0个区块, 0条转账记录
📋 当前区块: 0, 1, 2, 3, 4

🔄 [2025/5/15 18:54:39] 第 3 次区块扫描开始...
📊 扫描前状态: 5个区块, 28条转账记录, 4个唯一地址
🔎 获取从区块 13 到 17 的 Transfer 事件...
✅ 获取到 5 个 Transfer 事件
✅ 已更新区块数据（共 5 个）
📊 已更新转账记录
✅ [2025/5/15 18:54:39] 第 3 次区块扫描完成 (耗时: 0.04秒)
📊 扫描后状态: 5个区块, 28条转账记录, 4个唯一地址
📈 新增: 0个区块, 0条转账记录
📋 当前区块: 0, 1, 2, 3, 4

🔄 [2025/5/15 18:54:44] 第 4 次区块扫描开始...
📊 扫描前状态: 5个区块, 28条转账记录, 4个唯一地址
🔎 获取从区块 13 到 17 的 Transfer 事件...
✅ 获取到 5 个 Transfer 事件
✅ 已更新区块数据（共 5 个）
📊 已更新转账记录
✅ [2025/5/15 18:54:44] 第 4 次区块扫描完成 (耗时: 0.06秒)
📊 扫描后状态: 5个区块, 28条转账记录, 4个唯一地址
📈 新增: 0个区块, 0条转账记录
📋 当前区块: 0, 1, 2, 3, 4

🔄 [2025/5/15 18:54:49] 第 5 次区块扫描开始...
📊 扫描前状态: 5个区块, 28条转账记录, 4个唯一地址
🔎 获取从区块 13 到 17 的 Transfer 事件...
✅ 获取到 5 个 Transfer 事件
✅ 已更新区块数据（共 5 个）
📊 已更新转账记录
✅ [2025/5/15 18:54:49] 第 5 次区块扫描完成 (耗时: 0.01秒)
📊 扫描后状态: 5个区块, 28条转账记录, 4个唯一地址
📈 新增: 0个区块, 0条转账记录
📋 当前区块: 0, 1, 2, 3, 4

🔄 [2025/5/15 18:54:54] 第 6 次区块扫描开始...
📊 扫描前状态: 5个区块, 28条转账记录, 4个唯一地址
🔎 获取从区块 13 到 17 的 Transfer 事件...
✅ 获取到 5 个 Transfer 事件
✅ 已更新区块数据（共 5 个）
📊 已更新转账记录
✅ [2025/5/15 18:54:54] 第 6 次区块扫描完成 (耗时: 0.02秒)
📊 扫描后状态: 5个区块, 28条转账记录, 4个唯一地址
📈 新增: 0个区块, 0条转账记录
📋 当前区块: 0, 1, 2, 3, 4

🔄 [2025/5/15 18:54:59] 第 7 次区块扫描开始...
📊 扫描前状态: 5个区块, 28条转账记录, 4个唯一地址
🔎 获取从区块 13 到 17 的 Transfer 事件...
✅ 获取到 5 个 Transfer 事件
✅ 已更新区块数据（共 5 个）
📊 已更新转账记录
✅ [2025/5/15 18:54:59] 第 7 次区块扫描完成 (耗时: 0.01秒)
📊 扫描后状态: 5个区块, 28条转账记录, 4个唯一地址
📈 新增: 0个区块, 0条转账记录
📋 当前区块: 0, 1, 2, 3, 4

🔄 [2025/5/15 18:55:04] 第 8 次区块扫描开始...
📊 扫描前状态: 5个区块, 28条转账记录, 4个唯一地址
🔎 获取从区块 13 到 17 的 Transfer 事件...
✅ 获取到 5 个 Transfer 事件
✅ 已更新区块数据（共 5 个）
📊 已更新转账记录
✅ [2025/5/15 18:55:04] 第 8 次区块扫描完成 (耗时: 0.01秒)
📊 扫描后状态: 5个区块, 28条转账记录, 4个唯一地址
📈 新增: 0个区块, 0条转账记录
📋 当前区块: 0, 1, 2, 3, 4

🔄 [2025/5/15 18:55:09] 第 9 次区块扫描开始...
📊 扫描前状态: 5个区块, 28条转账记录, 4个唯一地址
🔎 获取从区块 13 到 17 的 Transfer 事件...
✅ 获取到 5 个 Transfer 事件
✅ 已更新区块数据（共 5 个）
📊 已更新转账记录
✅ [2025/5/15 18:55:09] 第 9 次区块扫描完成 (耗时: 0.01秒)
📊 扫描后状态: 5个区块, 28条转账记录, 4个唯一地址
📈 新增: 0个区块, 0条转账记录
📋 当前区块: 0, 1, 2, 3, 4

🔄 [2025/5/15 18:55:14] 第 10 次区块扫描开始...
📊 扫描前状态: 5个区块, 28条转账记录, 4个唯一地址
🔎 获取从区块 13 到 17 的 Transfer 事件...
✅ 获取到 5 个 Transfer 事件
✅ 已更新区块数据（共 5 个）
📊 已更新转账记录
✅ [2025/5/15 18:55:14] 第 10 次区块扫描完成 (耗时: 0.02秒)
📊 扫描后状态: 5个区块, 28条转账记录, 4个唯一地址
📈 新增: 0个区块, 0条转账记录
📋 当前区块: 0, 1, 2, 3, 4

🔄 [2025/5/15 18:55:19] 第 11 次区块扫描开始...
📊 扫描前状态: 5个区块, 28条转账记录, 4个唯一地址
🔎 获取从区块 13 到 17 的 Transfer 事件...
✅ 获取到 5 个 Transfer 事件
✅ 已更新区块数据（共 5 个）
📊 已更新转账记录
✅ [2025/5/15 18:55:19] 第 11 次区块扫描完成 (耗时: 0.01秒)
📊 扫描后状态: 5个区块, 28条转账记录, 4个唯一地址
📈 新增: 0个区块, 0条转账记录
📋 当前区块: 0, 1, 2, 3, 4

🔄 [2025/5/15 18:55:24] 第 12 次区块扫描开始...
📊 扫描前状态: 5个区块, 28条转账记录, 4个唯一地址
🔎 获取从区块 13 到 17 的 Transfer 事件...
✅ 获取到 5 个 Transfer 事件
✅ 已更新区块数据（共 5 个）
📊 已更新转账记录
✅ [2025/5/15 18:55:24] 第 12 次区块扫描完成 (耗时: 0.01秒)
📊 扫描后状态: 5个区块, 28条转账记录, 4个唯一地址
📈 新增: 0个区块, 0条转账记录
📋 当前区块: 0, 1, 2, 3, 4

🔄 [2025/5/15 18:55:29] 第 13 次区块扫描开始...
📊 扫描前状态: 5个区块, 28条转账记录, 4个唯一地址
🔎 获取从区块 13 到 17 的 Transfer 事件...
✅ 获取到 5 个 Transfer 事件
✅ 已更新区块数据（共 5 个）
📊 已更新转账记录
✅ [2025/5/15 18:55:29] 第 13 次区块扫描完成 (耗时: 0.01秒)
📊 扫描后状态: 5个区块, 28条转账记录, 4个唯一地址
📈 新增: 0个区块, 0条转账记录
📋 当前区块: 0, 1, 2, 3, 4

🔄 [2025/5/15 18:55:34] 第 14 次区块扫描开始...
📊 扫描前状态: 5个区块, 28条转账记录, 4个唯一地址
🔎 获取从区块 13 到 17 的 Transfer 事件...
✅ 获取到 5 个 Transfer 事件
✅ 已更新区块数据（共 5 个）
📊 已更新转账记录
✅ [2025/5/15 18:55:34] 第 14 次区块扫描完成 (耗时: 0.02秒)
📊 扫描后状态: 5个区块, 28条转账记录, 4个唯一地址
📈 新增: 0个区块, 0条转账记录
📋 当前区块: 0, 1, 2, 3, 4

🔄 [2025/5/15 18:55:39] 第 15 次区块扫描开始...
📊 扫描前状态: 5个区块, 28条转账记录, 4个唯一地址
🔎 获取从区块 13 到 17 的 Transfer 事件...
✅ 获取到 5 个 Transfer 事件
✅ 已更新区块数据（共 5 个）
📊 已更新转账记录
✅ [2025/5/15 18:55:39] 第 15 次区块扫描完成 (耗时: 0.01秒)
📊 扫描后状态: 5个区块, 28条转账记录, 4个唯一地址
📈 新增: 0个区块, 0条转账记录
📋 当前区块: 0, 1, 2, 3, 4

🔄 [2025/5/15 18:55:44] 第 16 次区块扫描开始...
📊 扫描前状态: 5个区块, 28条转账记录, 4个唯一地址
🔎 获取从区块 13 到 17 的 Transfer 事件...
✅ 获取到 5 个 Transfer 事件
✅ 已更新区块数据（共 5 个）
📊 已更新转账记录
✅ [2025/5/15 18:55:44] 第 16 次区块扫描完成 (耗时: 0.01秒)
📊 扫描后状态: 5个区块, 28条转账记录, 4个唯一地址
📈 新增: 0个区块, 0条转账记录
📋 当前区块: 0, 1, 2, 3, 4

🔄 [2025/5/15 18:55:49] 第 17 次区块扫描开始...
📊 扫描前状态: 5个区块, 28条转账记录, 4个唯一地址
🔎 获取从区块 13 到 17 的 Transfer 事件...
✅ 获取到 5 个 Transfer 事件
✅ 已更新区块数据（共 5 个）
📊 已更新转账记录
✅ [2025/5/15 18:55:49] 第 17 次区块扫描完成 (耗时: 0.02秒)
📊 扫描后状态: 5个区块, 28条转账记录, 4个唯一地址
📈 新增: 0个区块, 0条转账记录
📋 当前区块: 0, 1, 2, 3, 4

🔄 [2025/5/15 18:55:54] 第 18 次区块扫描开始...
📊 扫描前状态: 5个区块, 28条转账记录, 4个唯一地址
🔎 获取从区块 13 到 17 的 Transfer 事件...
✅ 获取到 5 个 Transfer 事件
✅ 已更新区块数据（共 5 个）
📊 已更新转账记录
✅ [2025/5/15 18:55:54] 第 18 次区块扫描完成 (耗时: 0.01秒)
📊 扫描后状态: 5个区块, 28条转账记录, 4个唯一地址
📈 新增: 0个区块, 0条转账记录
📋 当前区块: 0, 1, 2, 3, 4

🔄 [2025/5/15 18:55:59] 第 19 次区块扫描开始...
📊 扫描前状态: 5个区块, 28条转账记录, 4个唯一地址
🔎 获取从区块 13 到 17 的 Transfer 事件...
✅ 获取到 5 个 Transfer 事件
✅ 已更新区块数据（共 5 个）
📊 已更新转账记录
✅ [2025/5/15 18:55:59] 第 19 次区块扫描完成 (耗时: 0.01秒)
📊 扫描后状态: 5个区块, 28条转账记录, 4个唯一地址
📈 新增: 0个区块, 0条转账记录
📋 当前区块: 0, 1, 2, 3, 4

🔄 [2025/5/15 18:56:04] 第 20 次区块扫描开始...
📊 扫描前状态: 5个区块, 28条转账记录, 4个唯一地址
🔎 获取从区块 13 到 17 的 Transfer 事件...
✅ 获取到 5 个 Transfer 事件
✅ 已更新区块数据（共 5 个）
📊 已更新转账记录
✅ [2025/5/15 18:56:04] 第 20 次区块扫描完成 (耗时: 0.01秒)
📊 扫描后状态: 5个区块, 28条转账记录, 4个唯一地址
📈 新增: 0个区块, 0条转账记录
📋 当前区块: 0, 1, 2, 3, 4

🔄 [2025/5/15 18:56:09] 第 21 次区块扫描开始...
📊 扫描前状态: 5个区块, 28条转账记录, 4个唯一地址
🔎 获取从区块 13 到 17 的 Transfer 事件...
✅ 获取到 5 个 Transfer 事件
✅ 已更新区块数据（共 5 个）
📊 已更新转账记录
✅ [2025/5/15 18:56:09] 第 21 次区块扫描完成 (耗时: 0.01秒)
📊 扫描后状态: 5个区块, 28条转账记录, 4个唯一地址
📈 新增: 0个区块, 0条转账记录
📋 当前区块: 0, 1, 2, 3, 4

🔄 [2025/5/15 18:56:14] 第 22 次区块扫描开始...
📊 扫描前状态: 5个区块, 28条转账记录, 4个唯一地址
🔎 获取从区块 13 到 17 的 Transfer 事件...
✅ 获取到 5 个 Transfer 事件
✅ 已更新区块数据（共 5 个）
📊 已更新转账记录
✅ [2025/5/15 18:56:14] 第 22 次区块扫描完成 (耗时: 0.01秒)
📊 扫描后状态: 5个区块, 28条转账记录, 4个唯一地址
📈 新增: 0个区块, 0条转账记录
📋 当前区块: 0, 1, 2, 3, 4

🔄 [2025/5/15 18:56:19] 第 23 次区块扫描开始...
📊 扫描前状态: 5个区块, 28条转账记录, 4个唯一地址
🔎 获取从区块 13 到 17 的 Transfer 事件...
✅ 获取到 5 个 Transfer 事件
✅ 已更新区块数据（共 5 个）
📊 已更新转账记录
✅ [2025/5/15 18:56:19] 第 23 次区块扫描完成 (耗时: 0.02秒)
📊 扫描后状态: 5个区块, 28条转账记录, 4个唯一地址
📈 新增: 0个区块, 0条转账记录
📋 当前区块: 0, 1, 2, 3, 4

🔄 [2025/5/15 18:56:24] 第 24 次区块扫描开始...
📊 扫描前状态: 5个区块, 28条转账记录, 4个唯一地址
🔎 获取从区块 13 到 17 的 Transfer 事件...
✅ 获取到 5 个 Transfer 事件
✅ 已更新区块数据（共 5 个）
📊 已更新转账记录
✅ [2025/5/15 18:56:24] 第 24 次区块扫描完成 (耗时: 0.01秒)
📊 扫描后状态: 5个区块, 28条转账记录, 4个唯一地址
📈 新增: 0个区块, 0条转账记录
📋 当前区块: 0, 1, 2, 3, 4

🔄 [2025/5/15 18:56:29] 第 25 次区块扫描开始...
📊 扫描前状态: 5个区块, 28条转账记录, 4个唯一地址
🔎 获取从区块 13 到 17 的 Transfer 事件...
✅ 获取到 5 个 Transfer 事件
✅ 已更新区块数据（共 5 个）
📊 已更新转账记录
✅ [2025/5/15 18:56:29] 第 25 次区块扫描完成 (耗时: 0.01秒)
📊 扫描后状态: 5个区块, 28条转账记录, 4个唯一地址
📈 新增: 0个区块, 0条转账记录
📋 当前区块: 0, 1, 2, 3, 4

🔄 [2025/5/15 18:56:34] 第 26 次区块扫描开始...
📊 扫描前状态: 5个区块, 28条转账记录, 4个唯一地址
🔎 获取从区块 13 到 17 的 Transfer 事件...
✅ 获取到 5 个 Transfer 事件
✅ 已更新区块数据（共 5 个）
📊 已更新转账记录
✅ [2025/5/15 18:56:34] 第 26 次区块扫描完成 (耗时: 0.01秒)
📊 扫描后状态: 5个区块, 28条转账记录, 4个唯一地址
📈 新增: 0个区块, 0条转账记录
📋 当前区块: 0, 1, 2, 3, 4

🔄 [2025/5/15 18:56:39] 第 27 次区块扫描开始...
📊 扫描前状态: 5个区块, 28条转账记录, 4个唯一地址
🔎 获取从区块 13 到 17 的 Transfer 事件...
✅ 获取到 5 个 Transfer 事件
✅ 已更新区块数据（共 5 个）
📊 已更新转账记录
✅ [2025/5/15 18:56:39] 第 27 次区块扫描完成 (耗时: 0.01秒)
📊 扫描后状态: 5个区块, 28条转账记录, 4个唯一地址
📈 新增: 0个区块, 0条转账记录
📋 当前区块: 0, 1, 2, 3, 4

🔄 [2025/5/15 18:56:44] 第 28 次区块扫描开始...
📊 扫描前状态: 5个区块, 28条转账记录, 4个唯一地址
🔎 获取从区块 13 到 17 的 Transfer 事件...
✅ 获取到 5 个 Transfer 事件
✅ 已更新区块数据（共 5 个）
📊 已更新转账记录
✅ [2025/5/15 18:56:44] 第 28 次区块扫描完成 (耗时: 0.01秒)
📊 扫描后状态: 5个区块, 28条转账记录, 4个唯一地址
📈 新增: 0个区块, 0条转账记录
📋 当前区块: 0, 1, 2, 3, 4

🔄 [2025/5/15 18:56:49] 第 29 次区块扫描开始...
📊 扫描前状态: 5个区块, 28条转账记录, 4个唯一地址
🔎 获取从区块 13 到 17 的 Transfer 事件...
✅ 获取到 5 个 Transfer 事件
✅ 已更新区块数据（共 5 个）
📊 已更新转账记录
✅ [2025/5/15 18:56:49] 第 29 次区块扫描完成 (耗时: 0.01秒)
📊 扫描后状态: 5个区块, 28条转账记录, 4个唯一地址
📈 新增: 0个区块, 0条转账记录
📋 当前区块: 0, 1, 2, 3, 4

🔄 [2025/5/15 18:56:54] 第 30 次区块扫描开始...
📊 扫描前状态: 5个区块, 28条转账记录, 4个唯一地址
🔎 获取从区块 13 到 17 的 Transfer 事件...
✅ 获取到 5 个 Transfer 事件
✅ 已更新区块数据（共 5 个）
📊 已更新转账记录
✅ [2025/5/15 18:56:54] 第 30 次区块扫描完成 (耗时: 0.01秒)
📊 扫描后状态: 5个区块, 28条转账记录, 4个唯一地址
📈 新增: 0个区块, 0条转账记录
📋 当前区块: 0, 1, 2, 3, 4

🔄 [2025/5/15 18:56:59] 第 31 次区块扫描开始...
📊 扫描前状态: 5个区块, 28条转账记录, 4个唯一地址
🔎 获取从区块 13 到 17 的 Transfer 事件...
✅ 获取到 5 个 Transfer 事件
✅ 已更新区块数据（共 5 个）
📊 已更新转账记录
✅ [2025/5/15 18:56:59] 第 31 次区块扫描完成 (耗时: 0.01秒)
📊 扫描后状态: 5个区块, 28条转账记录, 4个唯一地址
📈 新增: 0个区块, 0条转账记录
📋 当前区块: 0, 1, 2, 3, 4

🔄 [2025/5/15 18:57:04] 第 32 次区块扫描开始...
📊 扫描前状态: 5个区块, 28条转账记录, 4个唯一地址
🔎 获取从区块 13 到 17 的 Transfer 事件...
✅ 获取到 5 个 Transfer 事件
✅ 已更新区块数据（共 5 个）
📊 已更新转账记录
✅ [2025/5/15 18:57:04] 第 32 次区块扫描完成 (耗时: 0.01秒)
📊 扫描后状态: 5个区块, 28条转账记录, 4个唯一地址
📈 新增: 0个区块, 0条转账记录
📋 当前区块: 0, 1, 2, 3, 4

🔄 [2025/5/15 18:57:09] 第 33 次区块扫描开始...
📊 扫描前状态: 5个区块, 28条转账记录, 4个唯一地址
🔎 获取从区块 13 到 17 的 Transfer 事件...
✅ 获取到 5 个 Transfer 事件
✅ 已更新区块数据（共 5 个）
📊 已更新转账记录
✅ [2025/5/15 18:57:09] 第 33 次区块扫描完成 (耗时: 0.02秒)
📊 扫描后状态: 5个区块, 28条转账记录, 4个唯一地址
📈 新增: 0个区块, 0条转账记录
📋 当前区块: 0, 1, 2, 3, 4

🔄 [2025/5/15 18:57:14] 第 34 次区块扫描开始...
📊 扫描前状态: 5个区块, 28条转账记录, 4个唯一地址
🔎 获取从区块 13 到 17 的 Transfer 事件...
✅ 获取到 5 个 Transfer 事件
✅ 已更新区块数据（共 5 个）
📊 已更新转账记录
✅ [2025/5/15 18:57:14] 第 34 次区块扫描完成 (耗时: 0.01秒)
📊 扫描后状态: 5个区块, 28条转账记录, 4个唯一地址
📈 新增: 0个区块, 0条转账记录
📋 当前区块: 0, 1, 2, 3, 4

🔄 [2025/5/15 18:57:19] 第 35 次区块扫描开始...
📊 扫描前状态: 5个区块, 28条转账记录, 4个唯一地址
🔎 获取从区块 13 到 17 的 Transfer 事件...
✅ 获取到 5 个 Transfer 事件
✅ 已更新区块数据（共 5 个）
📊 已更新转账记录
✅ [2025/5/15 18:57:19] 第 35 次区块扫描完成 (耗时: 0.01秒)
📊 扫描后状态: 5个区块, 28条转账记录, 4个唯一地址
📈 新增: 0个区块, 0条转账记录
📋 当前区块: 0, 1, 2, 3, 4

🔄 [2025/5/15 18:57:24] 第 36 次区块扫描开始...
📊 扫描前状态: 5个区块, 28条转账记录, 4个唯一地址
🔎 获取从区块 13 到 17 的 Transfer 事件...
✅ 获取到 5 个 Transfer 事件
✅ 已更新区块数据（共 5 个）
📊 已更新转账记录
✅ [2025/5/15 18:57:24] 第 36 次区块扫描完成 (耗时: 0.01秒)
📊 扫描后状态: 5个区块, 28条转账记录, 4个唯一地址
📈 新增: 0个区块, 0条转账记录
📋 当前区块: 0, 1, 2, 3, 4

🔄 [2025/5/15 18:57:29] 第 37 次区块扫描开始...
📊 扫描前状态: 5个区块, 28条转账记录, 4个唯一地址
🔎 获取从区块 13 到 17 的 Transfer 事件...
✅ 获取到 5 个 Transfer 事件
✅ 已更新区块数据（共 5 个）
📊 已更新转账记录
✅ [2025/5/15 18:57:29] 第 37 次区块扫描完成 (耗时: 0.02秒)
📊 扫描后状态: 5个区块, 28条转账记录, 4个唯一地址
📈 新增: 0个区块, 0条转账记录
📋 当前区块: 0, 1, 2, 3, 4

🔄 [2025/5/15 18:57:34] 第 38 次区块扫描开始...
📊 扫描前状态: 5个区块, 28条转账记录, 4个唯一地址
🔎 获取从区块 13 到 17 的 Transfer 事件...
✅ 获取到 5 个 Transfer 事件
✅ 已更新区块数据（共 5 个）
📊 已更新转账记录
✅ [2025/5/15 18:57:34] 第 38 次区块扫描完成 (耗时: 0.01秒)
📊 扫描后状态: 5个区块, 28条转账记录, 4个唯一地址
📈 新增: 0个区块, 0条转账记录
📋 当前区块: 0, 1, 2, 3, 4
