
🚀 [2025/5/15 18:28:07] 系统启动，开始初始化...
📊 初始数据库状态: 5个区块, 18条转账记录, 3个唯一地址
📋 已有区块: 0, 1, 2, 3, 4

🔄 [2025/5/15 18:28:07] 第 1 次区块扫描开始...
📊 扫描前状态: 5个区块, 18条转账记录, 3个唯一地址

=================================================
🌐 区块链数据服务已启动 - 2025/5/15 18:28:07
=================================================
🚀 服务器运行在 http://localhost:3000
🌍 前端页面: http://localhost:3000/
📊 查看所有区块: http://localhost:3000/blocks
🔍 查看特定区块: http://localhost:3000/blocks/{blockNumber}
🔍 查看特定区块中地址的转账记录: http://localhost:3000/block/{blockNumber}/address/{address}
🔍 查看指定地址的所有转账记录: http://localhost:3000/address/{address}
🔍 获取所有转账记录: http://localhost:3000/transfers
📈 查看统计信息: http://localhost:3000/stats
⏱️ 区块自动扫描已启动，每 5 秒扫描一次
=================================================
🔎 获取从区块 8 到 12 的 Transfer 事件...
✅ 获取到 5 个 Transfer 事件
✅ 已更新区块数据（共 5 个）
📊 已更新转账记录
✅ [2025/5/15 18:28:07] 第 1 次区块扫描完成 (耗时: 0.05秒)
📊 扫描后状态: 5个区块, 18条转账记录, 3个唯一地址
📈 新增: 0个区块, 0条转账记录
📋 当前区块: 0, 1, 2, 3, 4

🚀 初始化区块扫描完成
⏱️ 已设置自动扫描任务，每 5 秒执行一次

🔄 [2025/5/15 18:28:12] 第 2 次区块扫描开始...
📊 扫描前状态: 5个区块, 18条转账记录, 3个唯一地址
🔎 获取从区块 8 到 12 的 Transfer 事件...
✅ 获取到 5 个 Transfer 事件
✅ 已更新区块数据（共 5 个）
📊 已更新转账记录
✅ [2025/5/15 18:28:12] 第 2 次区块扫描完成 (耗时: 0.02秒)
📊 扫描后状态: 5个区块, 18条转账记录, 3个唯一地址
📈 新增: 0个区块, 0条转账记录
📋 当前区块: 0, 1, 2, 3, 4

🔄 [2025/5/15 18:28:17] 第 3 次区块扫描开始...
📊 扫描前状态: 5个区块, 18条转账记录, 3个唯一地址
🔎 获取从区块 8 到 12 的 Transfer 事件...
✅ 获取到 5 个 Transfer 事件
✅ 已更新区块数据（共 5 个）
📊 已更新转账记录
✅ [2025/5/15 18:28:17] 第 3 次区块扫描完成 (耗时: 0.02秒)
📊 扫描后状态: 5个区块, 18条转账记录, 3个唯一地址
📈 新增: 0个区块, 0条转账记录
📋 当前区块: 0, 1, 2, 3, 4

🔄 [2025/5/15 18:28:22] 第 4 次区块扫描开始...
📊 扫描前状态: 5个区块, 18条转账记录, 3个唯一地址
🔎 获取从区块 8 到 12 的 Transfer 事件...
✅ 获取到 5 个 Transfer 事件
✅ 已更新区块数据（共 5 个）
📊 已更新转账记录
✅ [2025/5/15 18:28:22] 第 4 次区块扫描完成 (耗时: 0.01秒)
📊 扫描后状态: 5个区块, 18条转账记录, 3个唯一地址
📈 新增: 0个区块, 0条转账记录
📋 当前区块: 0, 1, 2, 3, 4

🔄 [2025/5/15 18:28:27] 第 5 次区块扫描开始...
📊 扫描前状态: 5个区块, 18条转账记录, 3个唯一地址
🔎 获取从区块 8 到 12 的 Transfer 事件...
✅ 获取到 5 个 Transfer 事件
✅ 已更新区块数据（共 5 个）
📊 已更新转账记录
✅ [2025/5/15 18:28:27] 第 5 次区块扫描完成 (耗时: 0.02秒)
📊 扫描后状态: 5个区块, 18条转账记录, 3个唯一地址
📈 新增: 0个区块, 0条转账记录
📋 当前区块: 0, 1, 2, 3, 4

🔄 [2025/5/15 18:28:32] 第 6 次区块扫描开始...
📊 扫描前状态: 5个区块, 18条转账记录, 3个唯一地址
🔎 获取从区块 8 到 12 的 Transfer 事件...
✅ 获取到 5 个 Transfer 事件
✅ 已更新区块数据（共 5 个）
📊 已更新转账记录
✅ [2025/5/15 18:28:32] 第 6 次区块扫描完成 (耗时: 0.01秒)
📊 扫描后状态: 5个区块, 18条转账记录, 3个唯一地址
📈 新增: 0个区块, 0条转账记录
📋 当前区块: 0, 1, 2, 3, 4

🔄 [2025/5/15 18:28:37] 第 7 次区块扫描开始...
📊 扫描前状态: 5个区块, 18条转账记录, 3个唯一地址
🔎 获取从区块 8 到 12 的 Transfer 事件...
✅ 获取到 5 个 Transfer 事件
✅ 已更新区块数据（共 5 个）
📊 已更新转账记录
✅ [2025/5/15 18:28:37] 第 7 次区块扫描完成 (耗时: 0.02秒)
📊 扫描后状态: 5个区块, 18条转账记录, 3个唯一地址
📈 新增: 0个区块, 0条转账记录
📋 当前区块: 0, 1, 2, 3, 4

🔄 [2025/5/15 18:28:42] 第 8 次区块扫描开始...
📊 扫描前状态: 5个区块, 18条转账记录, 3个唯一地址
🔎 获取从区块 8 到 12 的 Transfer 事件...
✅ 获取到 5 个 Transfer 事件
✅ 已更新区块数据（共 5 个）
📊 已更新转账记录
✅ [2025/5/15 18:28:42] 第 8 次区块扫描完成 (耗时: 0.01秒)
📊 扫描后状态: 5个区块, 18条转账记录, 3个唯一地址
📈 新增: 0个区块, 0条转账记录
📋 当前区块: 0, 1, 2, 3, 4

🔄 [2025/5/15 18:28:47] 第 9 次区块扫描开始...
📊 扫描前状态: 5个区块, 18条转账记录, 3个唯一地址
🔎 获取从区块 8 到 12 的 Transfer 事件...
✅ 获取到 5 个 Transfer 事件
✅ 已更新区块数据（共 5 个）
📊 已更新转账记录
✅ [2025/5/15 18:28:47] 第 9 次区块扫描完成 (耗时: 0.01秒)
📊 扫描后状态: 5个区块, 18条转账记录, 3个唯一地址
📈 新增: 0个区块, 0条转账记录
📋 当前区块: 0, 1, 2, 3, 4

🔄 [2025/5/15 18:28:52] 第 10 次区块扫描开始...
📊 扫描前状态: 5个区块, 18条转账记录, 3个唯一地址
🔎 获取从区块 8 到 12 的 Transfer 事件...
✅ 获取到 5 个 Transfer 事件
✅ 已更新区块数据（共 5 个）
📊 已更新转账记录
✅ [2025/5/15 18:28:52] 第 10 次区块扫描完成 (耗时: 0.01秒)
📊 扫描后状态: 5个区块, 18条转账记录, 3个唯一地址
📈 新增: 0个区块, 0条转账记录
📋 当前区块: 0, 1, 2, 3, 4

🔄 [2025/5/15 18:28:57] 第 11 次区块扫描开始...
📊 扫描前状态: 5个区块, 18条转账记录, 3个唯一地址
🔎 获取从区块 8 到 12 的 Transfer 事件...
✅ 获取到 5 个 Transfer 事件
✅ 已更新区块数据（共 5 个）
📊 已更新转账记录
✅ [2025/5/15 18:28:57] 第 11 次区块扫描完成 (耗时: 0.02秒)
📊 扫描后状态: 5个区块, 18条转账记录, 3个唯一地址
📈 新增: 0个区块, 0条转账记录
📋 当前区块: 0, 1, 2, 3, 4

🔄 [2025/5/15 18:29:02] 第 12 次区块扫描开始...
📊 扫描前状态: 5个区块, 18条转账记录, 3个唯一地址
🔎 获取从区块 8 到 12 的 Transfer 事件...
✅ 获取到 5 个 Transfer 事件
✅ 已更新区块数据（共 5 个）
📊 已更新转账记录
✅ [2025/5/15 18:29:02] 第 12 次区块扫描完成 (耗时: 0.01秒)
📊 扫描后状态: 5个区块, 18条转账记录, 3个唯一地址
📈 新增: 0个区块, 0条转账记录
📋 当前区块: 0, 1, 2, 3, 4

🔄 [2025/5/15 18:29:07] 第 13 次区块扫描开始...
📊 扫描前状态: 5个区块, 18条转账记录, 3个唯一地址
🔎 获取从区块 8 到 12 的 Transfer 事件...
✅ 获取到 5 个 Transfer 事件
✅ 已更新区块数据（共 5 个）
📊 已更新转账记录
✅ [2025/5/15 18:29:07] 第 13 次区块扫描完成 (耗时: 0.01秒)
📊 扫描后状态: 5个区块, 18条转账记录, 3个唯一地址
📈 新增: 0个区块, 0条转账记录
📋 当前区块: 0, 1, 2, 3, 4

🔄 [2025/5/15 18:29:12] 第 14 次区块扫描开始...
📊 扫描前状态: 5个区块, 18条转账记录, 3个唯一地址
🔎 获取从区块 8 到 12 的 Transfer 事件...
✅ 获取到 5 个 Transfer 事件
✅ 已更新区块数据（共 5 个）
📊 已更新转账记录
✅ [2025/5/15 18:29:12] 第 14 次区块扫描完成 (耗时: 0.02秒)
📊 扫描后状态: 5个区块, 18条转账记录, 3个唯一地址
📈 新增: 0个区块, 0条转账记录
📋 当前区块: 0, 1, 2, 3, 4

🔄 [2025/5/15 18:29:17] 第 15 次区块扫描开始...
📊 扫描前状态: 5个区块, 18条转账记录, 3个唯一地址
🔎 获取从区块 8 到 12 的 Transfer 事件...
✅ 获取到 5 个 Transfer 事件
✅ 已更新区块数据（共 5 个）
📊 已更新转账记录
✅ [2025/5/15 18:29:17] 第 15 次区块扫描完成 (耗时: 0.01秒)
📊 扫描后状态: 5个区块, 18条转账记录, 3个唯一地址
📈 新增: 0个区块, 0条转账记录
📋 当前区块: 0, 1, 2, 3, 4

🔄 [2025/5/15 18:29:22] 第 16 次区块扫描开始...
📊 扫描前状态: 5个区块, 18条转账记录, 3个唯一地址
🔎 获取从区块 8 到 12 的 Transfer 事件...
✅ 获取到 5 个 Transfer 事件
✅ 已更新区块数据（共 5 个）
📊 已更新转账记录
✅ [2025/5/15 18:29:22] 第 16 次区块扫描完成 (耗时: 0.02秒)
📊 扫描后状态: 5个区块, 18条转账记录, 3个唯一地址
📈 新增: 0个区块, 0条转账记录
📋 当前区块: 0, 1, 2, 3, 4

🔄 [2025/5/15 18:29:27] 第 17 次区块扫描开始...
📊 扫描前状态: 5个区块, 18条转账记录, 3个唯一地址
🔎 获取从区块 8 到 12 的 Transfer 事件...
✅ 获取到 5 个 Transfer 事件
✅ 已更新区块数据（共 5 个）
📊 已更新转账记录
✅ [2025/5/15 18:29:27] 第 17 次区块扫描完成 (耗时: 0.01秒)
📊 扫描后状态: 5个区块, 18条转账记录, 3个唯一地址
📈 新增: 0个区块, 0条转账记录
📋 当前区块: 0, 1, 2, 3, 4
