
🚀 [2025/5/15 18:29:32] 系统启动，开始初始化...
📊 初始数据库状态: 5个区块, 18条转账记录, 3个唯一地址
📋 已有区块: 0, 1, 2, 3, 4

🔄 [2025/5/15 18:29:32] 第 1 次区块扫描开始...
📊 扫描前状态: 5个区块, 18条转账记录, 3个唯一地址

=================================================
🌐 区块链数据服务已启动 - 2025/5/15 18:29:32
=================================================
🚀 服务器运行在 http://localhost:3005
🌍 前端页面: http://localhost:3005/
📊 查看所有区块: http://localhost:3005/blocks
🔍 查看特定区块: http://localhost:3005/blocks/{blockNumber}
🔍 查看特定区块中地址的转账记录: http://localhost:3005/block/{blockNumber}/address/{address}
🔍 查看指定地址的所有转账记录: http://localhost:3005/address/{address}
🔍 获取所有转账记录: http://localhost:3005/transfers
📈 查看统计信息: http://localhost:3005/stats
⏱️ 区块自动扫描已启动，每 5 秒扫描一次
=================================================
🔎 获取从区块 8 到 12 的 Transfer 事件...
✅ 获取到 5 个 Transfer 事件
✅ 已更新区块数据（共 5 个）
📊 已更新转账记录
✅ [2025/5/15 18:29:32] 第 1 次区块扫描完成 (耗时: 0.04秒)
📊 扫描后状态: 5个区块, 18条转账记录, 3个唯一地址
📈 新增: 0个区块, 0条转账记录
📋 当前区块: 0, 1, 2, 3, 4

🚀 初始化区块扫描完成
⏱️ 已设置自动扫描任务，每 5 秒执行一次

🔄 [2025/5/15 18:29:37] 第 2 次区块扫描开始...
📊 扫描前状态: 5个区块, 18条转账记录, 3个唯一地址
🔎 获取从区块 8 到 12 的 Transfer 事件...
✅ 获取到 5 个 Transfer 事件
✅ 已更新区块数据（共 5 个）
📊 已更新转账记录
✅ [2025/5/15 18:29:37] 第 2 次区块扫描完成 (耗时: 0.02秒)
📊 扫描后状态: 5个区块, 18条转账记录, 3个唯一地址
📈 新增: 0个区块, 0条转账记录
📋 当前区块: 0, 1, 2, 3, 4
📝 [2025/5/15 18:29:38] GET /stats
📊 获取数据库统计信息
📝 [2025/5/15 18:29:38] GET /transfers?limit=20
🔍 获取所有转账记录 - 找到 9 条，返回 9 条
📝 [2025/5/15 18:29:38] GET /favicon.ico

🔄 [2025/5/15 18:29:42] 第 3 次区块扫描开始...
📊 扫描前状态: 5个区块, 18条转账记录, 3个唯一地址
🔎 获取从区块 8 到 12 的 Transfer 事件...
✅ 获取到 5 个 Transfer 事件
✅ 已更新区块数据（共 5 个）
📊 已更新转账记录
✅ [2025/5/15 18:29:42] 第 3 次区块扫描完成 (耗时: 0.01秒)
📊 扫描后状态: 5个区块, 18条转账记录, 3个唯一地址
📈 新增: 0个区块, 0条转账记录
📋 当前区块: 0, 1, 2, 3, 4

🔄 [2025/5/15 18:29:47] 第 4 次区块扫描开始...
📊 扫描前状态: 5个区块, 18条转账记录, 3个唯一地址
🔎 获取从区块 8 到 12 的 Transfer 事件...
✅ 获取到 5 个 Transfer 事件
✅ 已更新区块数据（共 5 个）
📊 已更新转账记录
✅ [2025/5/15 18:29:47] 第 4 次区块扫描完成 (耗时: 0.01秒)
📊 扫描后状态: 5个区块, 18条转账记录, 3个唯一地址
📈 新增: 0个区块, 0条转账记录
📋 当前区块: 0, 1, 2, 3, 4

🔄 [2025/5/15 18:29:52] 第 5 次区块扫描开始...
📊 扫描前状态: 5个区块, 18条转账记录, 3个唯一地址
🔎 获取从区块 8 到 12 的 Transfer 事件...
✅ 获取到 5 个 Transfer 事件
✅ 已更新区块数据（共 5 个）
📊 已更新转账记录
✅ [2025/5/15 18:29:52] 第 5 次区块扫描完成 (耗时: 0.02秒)
📊 扫描后状态: 5个区块, 18条转账记录, 3个唯一地址
📈 新增: 0个区块, 0条转账记录
📋 当前区块: 0, 1, 2, 3, 4

🔄 [2025/5/15 18:29:57] 第 6 次区块扫描开始...
📊 扫描前状态: 5个区块, 18条转账记录, 3个唯一地址
🔎 获取从区块 8 到 12 的 Transfer 事件...
✅ 获取到 5 个 Transfer 事件
✅ 已更新区块数据（共 5 个）
📊 已更新转账记录
✅ [2025/5/15 18:29:57] 第 6 次区块扫描完成 (耗时: 0.02秒)
📊 扫描后状态: 5个区块, 18条转账记录, 3个唯一地址
📈 新增: 0个区块, 0条转账记录
📋 当前区块: 0, 1, 2, 3, 4

🔄 [2025/5/15 18:30:02] 第 7 次区块扫描开始...
📊 扫描前状态: 5个区块, 18条转账记录, 3个唯一地址
🔎 获取从区块 8 到 12 的 Transfer 事件...
✅ 获取到 5 个 Transfer 事件
✅ 已更新区块数据（共 5 个）
📊 已更新转账记录
✅ [2025/5/15 18:30:02] 第 7 次区块扫描完成 (耗时: 0.01秒)
📊 扫描后状态: 5个区块, 18条转账记录, 3个唯一地址
📈 新增: 0个区块, 0条转账记录
📋 当前区块: 0, 1, 2, 3, 4

🔄 [2025/5/15 18:30:07] 第 8 次区块扫描开始...
📊 扫描前状态: 5个区块, 18条转账记录, 3个唯一地址
🔎 获取从区块 8 到 12 的 Transfer 事件...
✅ 获取到 5 个 Transfer 事件
✅ 已更新区块数据（共 5 个）
📊 已更新转账记录
✅ [2025/5/15 18:30:07] 第 8 次区块扫描完成 (耗时: 0.02秒)
📊 扫描后状态: 5个区块, 18条转账记录, 3个唯一地址
📈 新增: 0个区块, 0条转账记录
📋 当前区块: 0, 1, 2, 3, 4

🔄 [2025/5/15 18:30:12] 第 9 次区块扫描开始...
📊 扫描前状态: 5个区块, 18条转账记录, 3个唯一地址
🔎 获取从区块 8 到 12 的 Transfer 事件...
✅ 获取到 5 个 Transfer 事件
✅ 已更新区块数据（共 5 个）
📊 已更新转账记录
✅ [2025/5/15 18:30:12] 第 9 次区块扫描完成 (耗时: 0.01秒)
📊 扫描后状态: 5个区块, 18条转账记录, 3个唯一地址
📈 新增: 0个区块, 0条转账记录
📋 当前区块: 0, 1, 2, 3, 4
📝 [2025/5/15 18:30:12] GET /address/0x70997970C51812dc3A010C7d01b50e0d17dc79C8
🔍 获取地址 0x70997970C51812dc3A010C7d01b50e0d17dc79C8 的所有转账记录 - 找到 7 条

🔄 [2025/5/15 18:30:17] 第 10 次区块扫描开始...
📊 扫描前状态: 5个区块, 18条转账记录, 3个唯一地址
🔎 获取从区块 8 到 12 的 Transfer 事件...
✅ 获取到 5 个 Transfer 事件
✅ 已更新区块数据（共 5 个）
📊 已更新转账记录
✅ [2025/5/15 18:30:17] 第 10 次区块扫描完成 (耗时: 0.01秒)
📊 扫描后状态: 5个区块, 18条转账记录, 3个唯一地址
📈 新增: 0个区块, 0条转账记录
📋 当前区块: 0, 1, 2, 3, 4

🔄 [2025/5/15 18:30:22] 第 11 次区块扫描开始...
📊 扫描前状态: 5个区块, 18条转账记录, 3个唯一地址
🔎 获取从区块 8 到 12 的 Transfer 事件...
✅ 获取到 5 个 Transfer 事件
✅ 已更新区块数据（共 5 个）
📊 已更新转账记录
✅ [2025/5/15 18:30:22] 第 11 次区块扫描完成 (耗时: 0.02秒)
📊 扫描后状态: 5个区块, 18条转账记录, 3个唯一地址
📈 新增: 0个区块, 0条转账记录
📋 当前区块: 0, 1, 2, 3, 4

🔄 [2025/5/15 18:30:27] 第 12 次区块扫描开始...
📊 扫描前状态: 5个区块, 18条转账记录, 3个唯一地址
🔎 获取从区块 8 到 12 的 Transfer 事件...
✅ 获取到 5 个 Transfer 事件
✅ 已更新区块数据（共 5 个）
📊 已更新转账记录
✅ [2025/5/15 18:30:27] 第 12 次区块扫描完成 (耗时: 0.02秒)
📊 扫描后状态: 5个区块, 18条转账记录, 3个唯一地址
📈 新增: 0个区块, 0条转账记录
📋 当前区块: 0, 1, 2, 3, 4

🔄 [2025/5/15 18:30:32] 第 13 次区块扫描开始...
📊 扫描前状态: 5个区块, 18条转账记录, 3个唯一地址
🔎 获取从区块 8 到 12 的 Transfer 事件...
✅ 获取到 5 个 Transfer 事件
✅ 已更新区块数据（共 5 个）
📊 已更新转账记录
✅ [2025/5/15 18:30:32] 第 13 次区块扫描完成 (耗时: 0.01秒)
📊 扫描后状态: 5个区块, 18条转账记录, 3个唯一地址
📈 新增: 0个区块, 0条转账记录
📋 当前区块: 0, 1, 2, 3, 4

🔄 [2025/5/15 18:30:37] 第 14 次区块扫描开始...
📊 扫描前状态: 5个区块, 18条转账记录, 3个唯一地址
🔎 获取从区块 8 到 12 的 Transfer 事件...
✅ 获取到 5 个 Transfer 事件
✅ 已更新区块数据（共 5 个）
📊 已更新转账记录
✅ [2025/5/15 18:30:37] 第 14 次区块扫描完成 (耗时: 0.01秒)
📊 扫描后状态: 5个区块, 18条转账记录, 3个唯一地址
📈 新增: 0个区块, 0条转账记录
📋 当前区块: 0, 1, 2, 3, 4
📝 [2025/5/15 18:30:40] GET /blocks
🔍 获取所有区块 - 返回 5 个区块

🔄 [2025/5/15 18:30:42] 第 15 次区块扫描开始...
📊 扫描前状态: 5个区块, 18条转账记录, 3个唯一地址
🔎 获取从区块 8 到 12 的 Transfer 事件...
✅ 获取到 5 个 Transfer 事件
✅ 已更新区块数据（共 5 个）
📊 已更新转账记录
✅ [2025/5/15 18:30:42] 第 15 次区块扫描完成 (耗时: 0.01秒)
📊 扫描后状态: 5个区块, 18条转账记录, 3个唯一地址
📈 新增: 0个区块, 0条转账记录
📋 当前区块: 0, 1, 2, 3, 4
📝 [2025/5/15 18:30:45] GET /stats
📊 获取数据库统计信息

🔄 [2025/5/15 18:30:47] 第 16 次区块扫描开始...
📊 扫描前状态: 5个区块, 18条转账记录, 3个唯一地址
🔎 获取从区块 8 到 12 的 Transfer 事件...
✅ 获取到 5 个 Transfer 事件
✅ 已更新区块数据（共 5 个）
📊 已更新转账记录
✅ [2025/5/15 18:30:47] 第 16 次区块扫描完成 (耗时: 0.01秒)
📊 扫描后状态: 5个区块, 18条转账记录, 3个唯一地址
📈 新增: 0个区块, 0条转账记录
📋 当前区块: 0, 1, 2, 3, 4

🔄 [2025/5/15 18:30:52] 第 17 次区块扫描开始...
📊 扫描前状态: 5个区块, 18条转账记录, 3个唯一地址
🔎 获取从区块 8 到 12 的 Transfer 事件...
✅ 获取到 5 个 Transfer 事件
✅ 已更新区块数据（共 5 个）
📊 已更新转账记录
✅ [2025/5/15 18:30:52] 第 17 次区块扫描完成 (耗时: 0.02秒)
📊 扫描后状态: 5个区块, 18条转账记录, 3个唯一地址
📈 新增: 0个区块, 0条转账记录
📋 当前区块: 0, 1, 2, 3, 4

🔄 [2025/5/15 18:30:57] 第 18 次区块扫描开始...
📊 扫描前状态: 5个区块, 18条转账记录, 3个唯一地址
🔎 获取从区块 8 到 12 的 Transfer 事件...
✅ 获取到 5 个 Transfer 事件
✅ 已更新区块数据（共 5 个）
📊 已更新转账记录
✅ [2025/5/15 18:30:57] 第 18 次区块扫描完成 (耗时: 0.01秒)
📊 扫描后状态: 5个区块, 18条转账记录, 3个唯一地址
📈 新增: 0个区块, 0条转账记录
📋 当前区块: 0, 1, 2, 3, 4

🔄 [2025/5/15 18:31:02] 第 19 次区块扫描开始...
📊 扫描前状态: 5个区块, 18条转账记录, 3个唯一地址
🔎 获取从区块 8 到 12 的 Transfer 事件...
✅ 获取到 5 个 Transfer 事件
✅ 已更新区块数据（共 5 个）
📊 已更新转账记录
✅ [2025/5/15 18:31:02] 第 19 次区块扫描完成 (耗时: 0.01秒)
📊 扫描后状态: 5个区块, 18条转账记录, 3个唯一地址
📈 新增: 0个区块, 0条转账记录
📋 当前区块: 0, 1, 2, 3, 4

🔄 [2025/5/15 18:31:07] 第 20 次区块扫描开始...
📊 扫描前状态: 5个区块, 18条转账记录, 3个唯一地址
🔎 获取从区块 8 到 12 的 Transfer 事件...
✅ 获取到 5 个 Transfer 事件
✅ 已更新区块数据（共 5 个）
📊 已更新转账记录
✅ [2025/5/15 18:31:07] 第 20 次区块扫描完成 (耗时: 0.01秒)
📊 扫描后状态: 5个区块, 18条转账记录, 3个唯一地址
📈 新增: 0个区块, 0条转账记录
📋 当前区块: 0, 1, 2, 3, 4

🔄 [2025/5/15 18:31:12] 第 21 次区块扫描开始...
📊 扫描前状态: 5个区块, 18条转账记录, 3个唯一地址
🔎 获取从区块 8 到 12 的 Transfer 事件...
✅ 获取到 5 个 Transfer 事件
✅ 已更新区块数据（共 5 个）
📊 已更新转账记录
✅ [2025/5/15 18:31:12] 第 21 次区块扫描完成 (耗时: 0.01秒)
📊 扫描后状态: 5个区块, 18条转账记录, 3个唯一地址
📈 新增: 0个区块, 0条转账记录
📋 当前区块: 0, 1, 2, 3, 4

🔄 [2025/5/15 18:31:17] 第 22 次区块扫描开始...
📊 扫描前状态: 5个区块, 18条转账记录, 3个唯一地址
🔎 获取从区块 8 到 12 的 Transfer 事件...
✅ 获取到 5 个 Transfer 事件
✅ 已更新区块数据（共 5 个）
📊 已更新转账记录
✅ [2025/5/15 18:31:17] 第 22 次区块扫描完成 (耗时: 0.01秒)
📊 扫描后状态: 5个区块, 18条转账记录, 3个唯一地址
📈 新增: 0个区块, 0条转账记录
📋 当前区块: 0, 1, 2, 3, 4

🔄 [2025/5/15 18:31:22] 第 23 次区块扫描开始...
📊 扫描前状态: 5个区块, 18条转账记录, 3个唯一地址
🔎 获取从区块 8 到 12 的 Transfer 事件...
✅ 获取到 5 个 Transfer 事件
✅ 已更新区块数据（共 5 个）
📊 已更新转账记录
✅ [2025/5/15 18:31:22] 第 23 次区块扫描完成 (耗时: 0.01秒)
📊 扫描后状态: 5个区块, 18条转账记录, 3个唯一地址
📈 新增: 0个区块, 0条转账记录
📋 当前区块: 0, 1, 2, 3, 4

🔄 [2025/5/15 18:31:27] 第 24 次区块扫描开始...
📊 扫描前状态: 5个区块, 18条转账记录, 3个唯一地址
🔎 获取从区块 8 到 12 的 Transfer 事件...
✅ 获取到 5 个 Transfer 事件
✅ 已更新区块数据（共 5 个）
📊 已更新转账记录
✅ [2025/5/15 18:31:27] 第 24 次区块扫描完成 (耗时: 0.01秒)
📊 扫描后状态: 5个区块, 18条转账记录, 3个唯一地址
📈 新增: 0个区块, 0条转账记录
📋 当前区块: 0, 1, 2, 3, 4
📝 [2025/5/15 18:31:28] GET /stats
📊 获取数据库统计信息
📝 [2025/5/15 18:31:28] GET /transfers?limit=20
🔍 获取所有转账记录 - 找到 9 条，返回 9 条

🔄 [2025/5/15 18:31:32] 第 25 次区块扫描开始...
📊 扫描前状态: 5个区块, 18条转账记录, 3个唯一地址
🔎 获取从区块 8 到 12 的 Transfer 事件...
✅ 获取到 5 个 Transfer 事件
✅ 已更新区块数据（共 5 个）
📊 已更新转账记录
✅ [2025/5/15 18:31:32] 第 25 次区块扫描完成 (耗时: 0.01秒)
📊 扫描后状态: 5个区块, 18条转账记录, 3个唯一地址
📈 新增: 0个区块, 0条转账记录
📋 当前区块: 0, 1, 2, 3, 4

🔄 [2025/5/15 18:31:37] 第 26 次区块扫描开始...
📊 扫描前状态: 5个区块, 18条转账记录, 3个唯一地址
🔎 获取从区块 8 到 12 的 Transfer 事件...
✅ 获取到 5 个 Transfer 事件
✅ 已更新区块数据（共 5 个）
📊 已更新转账记录
✅ [2025/5/15 18:31:37] 第 26 次区块扫描完成 (耗时: 0.01秒)
📊 扫描后状态: 5个区块, 18条转账记录, 3个唯一地址
📈 新增: 0个区块, 0条转账记录
📋 当前区块: 0, 1, 2, 3, 4

🔄 [2025/5/15 18:31:42] 第 27 次区块扫描开始...
📊 扫描前状态: 5个区块, 18条转账记录, 3个唯一地址
🔎 获取从区块 8 到 12 的 Transfer 事件...
✅ 获取到 5 个 Transfer 事件
✅ 已更新区块数据（共 5 个）
📊 已更新转账记录
✅ [2025/5/15 18:31:42] 第 27 次区块扫描完成 (耗时: 0.01秒)
📊 扫描后状态: 5个区块, 18条转账记录, 3个唯一地址
📈 新增: 0个区块, 0条转账记录
📋 当前区块: 0, 1, 2, 3, 4

🔄 [2025/5/15 18:31:47] 第 28 次区块扫描开始...
📊 扫描前状态: 5个区块, 18条转账记录, 3个唯一地址
🔎 获取从区块 8 到 12 的 Transfer 事件...
✅ 获取到 5 个 Transfer 事件
✅ 已更新区块数据（共 5 个）
📊 已更新转账记录
✅ [2025/5/15 18:31:47] 第 28 次区块扫描完成 (耗时: 0.01秒)
📊 扫描后状态: 5个区块, 18条转账记录, 3个唯一地址
📈 新增: 0个区块, 0条转账记录
📋 当前区块: 0, 1, 2, 3, 4

🔄 [2025/5/15 18:31:52] 第 29 次区块扫描开始...
📊 扫描前状态: 5个区块, 18条转账记录, 3个唯一地址
🔎 获取从区块 8 到 12 的 Transfer 事件...
✅ 获取到 5 个 Transfer 事件
✅ 已更新区块数据（共 5 个）
📊 已更新转账记录
✅ [2025/5/15 18:31:52] 第 29 次区块扫描完成 (耗时: 0.01秒)
📊 扫描后状态: 5个区块, 18条转账记录, 3个唯一地址
📈 新增: 0个区块, 0条转账记录
📋 当前区块: 0, 1, 2, 3, 4

🔄 [2025/5/15 18:31:57] 第 30 次区块扫描开始...
📊 扫描前状态: 5个区块, 18条转账记录, 3个唯一地址
🔎 获取从区块 8 到 12 的 Transfer 事件...
✅ 获取到 5 个 Transfer 事件
✅ 已更新区块数据（共 5 个）
📊 已更新转账记录
✅ [2025/5/15 18:31:57] 第 30 次区块扫描完成 (耗时: 0.01秒)
📊 扫描后状态: 5个区块, 18条转账记录, 3个唯一地址
📈 新增: 0个区块, 0条转账记录
📋 当前区块: 0, 1, 2, 3, 4

🔄 [2025/5/15 18:32:02] 第 31 次区块扫描开始...
📊 扫描前状态: 5个区块, 18条转账记录, 3个唯一地址
🔎 获取从区块 8 到 12 的 Transfer 事件...
✅ 获取到 5 个 Transfer 事件
✅ 已更新区块数据（共 5 个）
📊 已更新转账记录
✅ [2025/5/15 18:32:02] 第 31 次区块扫描完成 (耗时: 0.01秒)
📊 扫描后状态: 5个区块, 18条转账记录, 3个唯一地址
📈 新增: 0个区块, 0条转账记录
📋 当前区块: 0, 1, 2, 3, 4

🔄 [2025/5/15 18:32:07] 第 32 次区块扫描开始...
📊 扫描前状态: 5个区块, 18条转账记录, 3个唯一地址
🔎 获取从区块 8 到 12 的 Transfer 事件...
✅ 获取到 5 个 Transfer 事件
✅ 已更新区块数据（共 5 个）
📊 已更新转账记录
✅ [2025/5/15 18:32:07] 第 32 次区块扫描完成 (耗时: 0.01秒)
📊 扫描后状态: 5个区块, 18条转账记录, 3个唯一地址
📈 新增: 0个区块, 0条转账记录
📋 当前区块: 0, 1, 2, 3, 4

🔄 [2025/5/15 18:32:12] 第 33 次区块扫描开始...
📊 扫描前状态: 5个区块, 18条转账记录, 3个唯一地址
🔎 获取从区块 8 到 12 的 Transfer 事件...
✅ 获取到 5 个 Transfer 事件
✅ 已更新区块数据（共 5 个）
📊 已更新转账记录
✅ [2025/5/15 18:32:12] 第 33 次区块扫描完成 (耗时: 0.02秒)
📊 扫描后状态: 5个区块, 18条转账记录, 3个唯一地址
📈 新增: 0个区块, 0条转账记录
📋 当前区块: 0, 1, 2, 3, 4

🔄 [2025/5/15 18:32:17] 第 34 次区块扫描开始...
📊 扫描前状态: 5个区块, 18条转账记录, 3个唯一地址
🔎 获取从区块 8 到 12 的 Transfer 事件...
✅ 获取到 5 个 Transfer 事件
✅ 已更新区块数据（共 5 个）
📊 已更新转账记录
✅ [2025/5/15 18:32:17] 第 34 次区块扫描完成 (耗时: 0.01秒)
📊 扫描后状态: 5个区块, 18条转账记录, 3个唯一地址
📈 新增: 0个区块, 0条转账记录
📋 当前区块: 0, 1, 2, 3, 4

🔄 [2025/5/15 18:32:22] 第 35 次区块扫描开始...
📊 扫描前状态: 5个区块, 18条转账记录, 3个唯一地址
🔎 获取从区块 8 到 12 的 Transfer 事件...
✅ 获取到 5 个 Transfer 事件
✅ 已更新区块数据（共 5 个）
📊 已更新转账记录
✅ [2025/5/15 18:32:22] 第 35 次区块扫描完成 (耗时: 0.01秒)
📊 扫描后状态: 5个区块, 18条转账记录, 3个唯一地址
📈 新增: 0个区块, 0条转账记录
📋 当前区块: 0, 1, 2, 3, 4

🔄 [2025/5/15 18:32:27] 第 36 次区块扫描开始...
📊 扫描前状态: 5个区块, 18条转账记录, 3个唯一地址
🔎 获取从区块 8 到 12 的 Transfer 事件...
✅ 获取到 5 个 Transfer 事件
✅ 已更新区块数据（共 5 个）
📊 已更新转账记录
✅ [2025/5/15 18:32:27] 第 36 次区块扫描完成 (耗时: 0.01秒)
📊 扫描后状态: 5个区块, 18条转账记录, 3个唯一地址
📈 新增: 0个区块, 0条转账记录
📋 当前区块: 0, 1, 2, 3, 4

🔄 [2025/5/15 18:32:32] 第 37 次区块扫描开始...
📊 扫描前状态: 5个区块, 18条转账记录, 3个唯一地址
🔎 获取从区块 8 到 12 的 Transfer 事件...
✅ 获取到 5 个 Transfer 事件
✅ 已更新区块数据（共 5 个）
📊 已更新转账记录
✅ [2025/5/15 18:32:32] 第 37 次区块扫描完成 (耗时: 0.02秒)
📊 扫描后状态: 5个区块, 18条转账记录, 3个唯一地址
📈 新增: 0个区块, 0条转账记录
📋 当前区块: 0, 1, 2, 3, 4

🔄 [2025/5/15 18:32:37] 第 38 次区块扫描开始...
📊 扫描前状态: 5个区块, 18条转账记录, 3个唯一地址
🔎 获取从区块 8 到 12 的 Transfer 事件...
✅ 获取到 5 个 Transfer 事件
✅ 已更新区块数据（共 5 个）
📊 已更新转账记录
✅ [2025/5/15 18:32:37] 第 38 次区块扫描完成 (耗时: 0.02秒)
📊 扫描后状态: 5个区块, 18条转账记录, 3个唯一地址
📈 新增: 0个区块, 0条转账记录
📋 当前区块: 0, 1, 2, 3, 4

🔄 [2025/5/15 18:32:42] 第 39 次区块扫描开始...
📊 扫描前状态: 5个区块, 18条转账记录, 3个唯一地址
🔎 获取从区块 8 到 12 的 Transfer 事件...
✅ 获取到 5 个 Transfer 事件
✅ 已更新区块数据（共 5 个）
📊 已更新转账记录
✅ [2025/5/15 18:32:42] 第 39 次区块扫描完成 (耗时: 0.01秒)
📊 扫描后状态: 5个区块, 18条转账记录, 3个唯一地址
📈 新增: 0个区块, 0条转账记录
📋 当前区块: 0, 1, 2, 3, 4

🔄 [2025/5/15 18:32:47] 第 40 次区块扫描开始...
📊 扫描前状态: 5个区块, 18条转账记录, 3个唯一地址
🔎 获取从区块 8 到 12 的 Transfer 事件...
✅ 获取到 5 个 Transfer 事件
✅ 已更新区块数据（共 5 个）
📊 已更新转账记录
✅ [2025/5/15 18:32:47] 第 40 次区块扫描完成 (耗时: 0.01秒)
📊 扫描后状态: 5个区块, 18条转账记录, 3个唯一地址
📈 新增: 0个区块, 0条转账记录
📋 当前区块: 0, 1, 2, 3, 4

🔄 [2025/5/15 18:32:52] 第 41 次区块扫描开始...
📊 扫描前状态: 5个区块, 18条转账记录, 3个唯一地址
🔎 获取从区块 8 到 12 的 Transfer 事件...
✅ 获取到 5 个 Transfer 事件
✅ 已更新区块数据（共 5 个）
📊 已更新转账记录
✅ [2025/5/15 18:32:52] 第 41 次区块扫描完成 (耗时: 0.02秒)
📊 扫描后状态: 5个区块, 18条转账记录, 3个唯一地址
📈 新增: 0个区块, 0条转账记录
📋 当前区块: 0, 1, 2, 3, 4

🔄 [2025/5/15 18:32:57] 第 42 次区块扫描开始...
📊 扫描前状态: 5个区块, 18条转账记录, 3个唯一地址
🔎 获取从区块 8 到 12 的 Transfer 事件...
✅ 获取到 5 个 Transfer 事件
✅ 已更新区块数据（共 5 个）
📊 已更新转账记录
✅ [2025/5/15 18:32:57] 第 42 次区块扫描完成 (耗时: 0.01秒)
📊 扫描后状态: 5个区块, 18条转账记录, 3个唯一地址
📈 新增: 0个区块, 0条转账记录
📋 当前区块: 0, 1, 2, 3, 4

🔄 [2025/5/15 18:33:02] 第 43 次区块扫描开始...
📊 扫描前状态: 5个区块, 18条转账记录, 3个唯一地址
🔎 获取从区块 8 到 12 的 Transfer 事件...
✅ 获取到 5 个 Transfer 事件
✅ 已更新区块数据（共 5 个）
📊 已更新转账记录
✅ [2025/5/15 18:33:02] 第 43 次区块扫描完成 (耗时: 0.01秒)
📊 扫描后状态: 5个区块, 18条转账记录, 3个唯一地址
📈 新增: 0个区块, 0条转账记录
📋 当前区块: 0, 1, 2, 3, 4

🔄 [2025/5/15 18:33:07] 第 44 次区块扫描开始...
📊 扫描前状态: 5个区块, 18条转账记录, 3个唯一地址
🔎 获取从区块 8 到 12 的 Transfer 事件...
✅ 获取到 5 个 Transfer 事件
✅ 已更新区块数据（共 5 个）
📊 已更新转账记录
✅ [2025/5/15 18:33:07] 第 44 次区块扫描完成 (耗时: 0.01秒)
📊 扫描后状态: 5个区块, 18条转账记录, 3个唯一地址
📈 新增: 0个区块, 0条转账记录
📋 当前区块: 0, 1, 2, 3, 4

🔄 [2025/5/15 18:33:12] 第 45 次区块扫描开始...
📊 扫描前状态: 5个区块, 18条转账记录, 3个唯一地址
🔎 获取从区块 8 到 12 的 Transfer 事件...
✅ 获取到 5 个 Transfer 事件
✅ 已更新区块数据（共 5 个）
📊 已更新转账记录
✅ [2025/5/15 18:33:12] 第 45 次区块扫描完成 (耗时: 0.01秒)
📊 扫描后状态: 5个区块, 18条转账记录, 3个唯一地址
📈 新增: 0个区块, 0条转账记录
📋 当前区块: 0, 1, 2, 3, 4

🔄 [2025/5/15 18:33:17] 第 46 次区块扫描开始...
📊 扫描前状态: 5个区块, 18条转账记录, 3个唯一地址
🔎 获取从区块 8 到 12 的 Transfer 事件...
✅ 获取到 5 个 Transfer 事件
✅ 已更新区块数据（共 5 个）
📊 已更新转账记录
✅ [2025/5/15 18:33:17] 第 46 次区块扫描完成 (耗时: 0.01秒)
📊 扫描后状态: 5个区块, 18条转账记录, 3个唯一地址
📈 新增: 0个区块, 0条转账记录
📋 当前区块: 0, 1, 2, 3, 4

🔄 [2025/5/15 18:33:22] 第 47 次区块扫描开始...
📊 扫描前状态: 5个区块, 18条转账记录, 3个唯一地址
🔎 获取从区块 8 到 12 的 Transfer 事件...
✅ 获取到 5 个 Transfer 事件
✅ 已更新区块数据（共 5 个）
📊 已更新转账记录
✅ [2025/5/15 18:33:22] 第 47 次区块扫描完成 (耗时: 0.01秒)
📊 扫描后状态: 5个区块, 18条转账记录, 3个唯一地址
📈 新增: 0个区块, 0条转账记录
📋 当前区块: 0, 1, 2, 3, 4

🔄 [2025/5/15 18:33:27] 第 48 次区块扫描开始...
📊 扫描前状态: 5个区块, 18条转账记录, 3个唯一地址
🔎 获取从区块 8 到 12 的 Transfer 事件...
✅ 获取到 5 个 Transfer 事件
✅ 已更新区块数据（共 5 个）
📊 已更新转账记录
✅ [2025/5/15 18:33:27] 第 48 次区块扫描完成 (耗时: 0.01秒)
📊 扫描后状态: 5个区块, 18条转账记录, 3个唯一地址
📈 新增: 0个区块, 0条转账记录
📋 当前区块: 0, 1, 2, 3, 4

🔄 [2025/5/15 18:33:32] 第 49 次区块扫描开始...
📊 扫描前状态: 5个区块, 18条转账记录, 3个唯一地址
🔎 获取从区块 8 到 12 的 Transfer 事件...
✅ 获取到 5 个 Transfer 事件
✅ 已更新区块数据（共 5 个）
📊 已更新转账记录
✅ [2025/5/15 18:33:32] 第 49 次区块扫描完成 (耗时: 0.01秒)
📊 扫描后状态: 5个区块, 18条转账记录, 3个唯一地址
📈 新增: 0个区块, 0条转账记录
📋 当前区块: 0, 1, 2, 3, 4

🔄 [2025/5/15 18:33:37] 第 50 次区块扫描开始...
📊 扫描前状态: 5个区块, 18条转账记录, 3个唯一地址
🔎 获取从区块 8 到 12 的 Transfer 事件...
✅ 获取到 5 个 Transfer 事件
✅ 已更新区块数据（共 5 个）
📊 已更新转账记录
✅ [2025/5/15 18:33:37] 第 50 次区块扫描完成 (耗时: 0.01秒)
📊 扫描后状态: 5个区块, 18条转账记录, 3个唯一地址
📈 新增: 0个区块, 0条转账记录
📋 当前区块: 0, 1, 2, 3, 4

🔄 [2025/5/15 18:33:42] 第 51 次区块扫描开始...
📊 扫描前状态: 5个区块, 18条转账记录, 3个唯一地址
🔎 获取从区块 8 到 12 的 Transfer 事件...
✅ 获取到 5 个 Transfer 事件
✅ 已更新区块数据（共 5 个）
📊 已更新转账记录
✅ [2025/5/15 18:33:42] 第 51 次区块扫描完成 (耗时: 0.01秒)
📊 扫描后状态: 5个区块, 18条转账记录, 3个唯一地址
📈 新增: 0个区块, 0条转账记录
📋 当前区块: 0, 1, 2, 3, 4

🔄 [2025/5/15 18:33:47] 第 52 次区块扫描开始...
📊 扫描前状态: 5个区块, 18条转账记录, 3个唯一地址
🔎 获取从区块 8 到 12 的 Transfer 事件...
✅ 获取到 5 个 Transfer 事件
✅ 已更新区块数据（共 5 个）
📊 已更新转账记录
✅ [2025/5/15 18:33:47] 第 52 次区块扫描完成 (耗时: 0.01秒)
📊 扫描后状态: 5个区块, 18条转账记录, 3个唯一地址
📈 新增: 0个区块, 0条转账记录
📋 当前区块: 0, 1, 2, 3, 4

🔄 [2025/5/15 18:33:52] 第 53 次区块扫描开始...
📊 扫描前状态: 5个区块, 18条转账记录, 3个唯一地址
🔎 获取从区块 8 到 12 的 Transfer 事件...
✅ 获取到 5 个 Transfer 事件
✅ 已更新区块数据（共 5 个）
📊 已更新转账记录
✅ [2025/5/15 18:33:52] 第 53 次区块扫描完成 (耗时: 0.02秒)
📊 扫描后状态: 5个区块, 18条转账记录, 3个唯一地址
📈 新增: 0个区块, 0条转账记录
📋 当前区块: 0, 1, 2, 3, 4

🔄 [2025/5/15 18:33:57] 第 54 次区块扫描开始...
📊 扫描前状态: 5个区块, 18条转账记录, 3个唯一地址
🔎 获取从区块 8 到 12 的 Transfer 事件...
✅ 获取到 5 个 Transfer 事件
✅ 已更新区块数据（共 5 个）
📊 已更新转账记录
✅ [2025/5/15 18:33:57] 第 54 次区块扫描完成 (耗时: 0.01秒)
📊 扫描后状态: 5个区块, 18条转账记录, 3个唯一地址
📈 新增: 0个区块, 0条转账记录
📋 当前区块: 0, 1, 2, 3, 4

🔄 [2025/5/15 18:34:02] 第 55 次区块扫描开始...
📊 扫描前状态: 5个区块, 18条转账记录, 3个唯一地址
🔎 获取从区块 8 到 12 的 Transfer 事件...
✅ 获取到 5 个 Transfer 事件
✅ 已更新区块数据（共 5 个）
📊 已更新转账记录
✅ [2025/5/15 18:34:02] 第 55 次区块扫描完成 (耗时: 0.02秒)
📊 扫描后状态: 5个区块, 18条转账记录, 3个唯一地址
📈 新增: 0个区块, 0条转账记录
📋 当前区块: 0, 1, 2, 3, 4

🔄 [2025/5/15 18:34:07] 第 56 次区块扫描开始...
📊 扫描前状态: 5个区块, 18条转账记录, 3个唯一地址
🔎 获取从区块 8 到 12 的 Transfer 事件...
✅ 获取到 5 个 Transfer 事件
✅ 已更新区块数据（共 5 个）
📊 已更新转账记录
✅ [2025/5/15 18:34:07] 第 56 次区块扫描完成 (耗时: 0.01秒)
📊 扫描后状态: 5个区块, 18条转账记录, 3个唯一地址
📈 新增: 0个区块, 0条转账记录
📋 当前区块: 0, 1, 2, 3, 4

🔄 [2025/5/15 18:34:12] 第 57 次区块扫描开始...
📊 扫描前状态: 5个区块, 18条转账记录, 3个唯一地址
🔎 获取从区块 8 到 12 的 Transfer 事件...
✅ 获取到 5 个 Transfer 事件
✅ 已更新区块数据（共 5 个）
📊 已更新转账记录
✅ [2025/5/15 18:34:12] 第 57 次区块扫描完成 (耗时: 0.01秒)
📊 扫描后状态: 5个区块, 18条转账记录, 3个唯一地址
📈 新增: 0个区块, 0条转账记录
📋 当前区块: 0, 1, 2, 3, 4

🔄 [2025/5/15 18:34:17] 第 58 次区块扫描开始...
📊 扫描前状态: 5个区块, 18条转账记录, 3个唯一地址
🔎 获取从区块 8 到 12 的 Transfer 事件...
✅ 获取到 5 个 Transfer 事件
✅ 已更新区块数据（共 5 个）
📊 已更新转账记录
✅ [2025/5/15 18:34:17] 第 58 次区块扫描完成 (耗时: 0.01秒)
📊 扫描后状态: 5个区块, 18条转账记录, 3个唯一地址
📈 新增: 0个区块, 0条转账记录
📋 当前区块: 0, 1, 2, 3, 4

🔄 [2025/5/15 18:34:22] 第 59 次区块扫描开始...
📊 扫描前状态: 5个区块, 18条转账记录, 3个唯一地址
🔎 获取从区块 8 到 12 的 Transfer 事件...
✅ 获取到 5 个 Transfer 事件
✅ 已更新区块数据（共 5 个）
📊 已更新转账记录
✅ [2025/5/15 18:34:22] 第 59 次区块扫描完成 (耗时: 0.01秒)
📊 扫描后状态: 5个区块, 18条转账记录, 3个唯一地址
📈 新增: 0个区块, 0条转账记录
📋 当前区块: 0, 1, 2, 3, 4

🔄 [2025/5/15 18:34:27] 第 60 次区块扫描开始...
📊 扫描前状态: 5个区块, 18条转账记录, 3个唯一地址
🔎 获取从区块 8 到 12 的 Transfer 事件...
✅ 获取到 5 个 Transfer 事件
✅ 已更新区块数据（共 5 个）
📊 已更新转账记录
✅ [2025/5/15 18:34:27] 第 60 次区块扫描完成 (耗时: 0.01秒)
📊 扫描后状态: 5个区块, 18条转账记录, 3个唯一地址
📈 新增: 0个区块, 0条转账记录
📋 当前区块: 0, 1, 2, 3, 4

🔄 [2025/5/15 18:34:32] 第 61 次区块扫描开始...
📊 扫描前状态: 5个区块, 18条转账记录, 3个唯一地址
🔎 获取从区块 8 到 12 的 Transfer 事件...
✅ 获取到 5 个 Transfer 事件
✅ 已更新区块数据（共 5 个）
📊 已更新转账记录
✅ [2025/5/15 18:34:32] 第 61 次区块扫描完成 (耗时: 0.01秒)
📊 扫描后状态: 5个区块, 18条转账记录, 3个唯一地址
📈 新增: 0个区块, 0条转账记录
📋 当前区块: 0, 1, 2, 3, 4

🔄 [2025/5/15 18:34:37] 第 62 次区块扫描开始...
📊 扫描前状态: 5个区块, 18条转账记录, 3个唯一地址
🔎 获取从区块 8 到 12 的 Transfer 事件...
✅ 获取到 5 个 Transfer 事件
✅ 已更新区块数据（共 5 个）
📊 已更新转账记录
✅ [2025/5/15 18:34:37] 第 62 次区块扫描完成 (耗时: 0.01秒)
📊 扫描后状态: 5个区块, 18条转账记录, 3个唯一地址
📈 新增: 0个区块, 0条转账记录
📋 当前区块: 0, 1, 2, 3, 4

🔄 [2025/5/15 18:34:42] 第 63 次区块扫描开始...
📊 扫描前状态: 5个区块, 18条转账记录, 3个唯一地址
🔎 获取从区块 8 到 12 的 Transfer 事件...
✅ 获取到 5 个 Transfer 事件
✅ 已更新区块数据（共 5 个）
📊 已更新转账记录
✅ [2025/5/15 18:34:42] 第 63 次区块扫描完成 (耗时: 0.01秒)
📊 扫描后状态: 5个区块, 18条转账记录, 3个唯一地址
📈 新增: 0个区块, 0条转账记录
📋 当前区块: 0, 1, 2, 3, 4

🔄 [2025/5/15 18:34:47] 第 64 次区块扫描开始...
📊 扫描前状态: 5个区块, 18条转账记录, 3个唯一地址
🔎 获取从区块 8 到 12 的 Transfer 事件...
✅ 获取到 5 个 Transfer 事件
✅ 已更新区块数据（共 5 个）
📊 已更新转账记录
✅ [2025/5/15 18:34:47] 第 64 次区块扫描完成 (耗时: 0.01秒)
📊 扫描后状态: 5个区块, 18条转账记录, 3个唯一地址
📈 新增: 0个区块, 0条转账记录
📋 当前区块: 0, 1, 2, 3, 4

🔄 [2025/5/15 18:34:52] 第 65 次区块扫描开始...
📊 扫描前状态: 5个区块, 18条转账记录, 3个唯一地址
🔎 获取从区块 8 到 12 的 Transfer 事件...
✅ 获取到 5 个 Transfer 事件
✅ 已更新区块数据（共 5 个）
📊 已更新转账记录
✅ [2025/5/15 18:34:52] 第 65 次区块扫描完成 (耗时: 0.01秒)
📊 扫描后状态: 5个区块, 18条转账记录, 3个唯一地址
📈 新增: 0个区块, 0条转账记录
📋 当前区块: 0, 1, 2, 3, 4

🔄 [2025/5/15 18:34:57] 第 66 次区块扫描开始...
📊 扫描前状态: 5个区块, 18条转账记录, 3个唯一地址
🔎 获取从区块 8 到 12 的 Transfer 事件...
✅ 获取到 5 个 Transfer 事件
✅ 已更新区块数据（共 5 个）
📊 已更新转账记录
✅ [2025/5/15 18:34:57] 第 66 次区块扫描完成 (耗时: 0.02秒)
📊 扫描后状态: 5个区块, 18条转账记录, 3个唯一地址
📈 新增: 0个区块, 0条转账记录
📋 当前区块: 0, 1, 2, 3, 4

🔄 [2025/5/15 18:35:02] 第 67 次区块扫描开始...
📊 扫描前状态: 5个区块, 18条转账记录, 3个唯一地址
🔎 获取从区块 8 到 12 的 Transfer 事件...
✅ 获取到 5 个 Transfer 事件
✅ 已更新区块数据（共 5 个）
📊 已更新转账记录
✅ [2025/5/15 18:35:02] 第 67 次区块扫描完成 (耗时: 0.01秒)
📊 扫描后状态: 5个区块, 18条转账记录, 3个唯一地址
📈 新增: 0个区块, 0条转账记录
📋 当前区块: 0, 1, 2, 3, 4

🔄 [2025/5/15 18:35:07] 第 68 次区块扫描开始...
📊 扫描前状态: 5个区块, 18条转账记录, 3个唯一地址
🔎 获取从区块 8 到 12 的 Transfer 事件...
✅ 获取到 5 个 Transfer 事件
✅ 已更新区块数据（共 5 个）
📊 已更新转账记录
✅ [2025/5/15 18:35:07] 第 68 次区块扫描完成 (耗时: 0.01秒)
📊 扫描后状态: 5个区块, 18条转账记录, 3个唯一地址
📈 新增: 0个区块, 0条转账记录
📋 当前区块: 0, 1, 2, 3, 4

🔄 [2025/5/15 18:35:12] 第 69 次区块扫描开始...
📊 扫描前状态: 5个区块, 18条转账记录, 3个唯一地址
🔎 获取从区块 8 到 12 的 Transfer 事件...
✅ 获取到 5 个 Transfer 事件
✅ 已更新区块数据（共 5 个）
📊 已更新转账记录
✅ [2025/5/15 18:35:12] 第 69 次区块扫描完成 (耗时: 0.01秒)
📊 扫描后状态: 5个区块, 18条转账记录, 3个唯一地址
📈 新增: 0个区块, 0条转账记录
📋 当前区块: 0, 1, 2, 3, 4

🔄 [2025/5/15 18:35:17] 第 70 次区块扫描开始...
📊 扫描前状态: 5个区块, 18条转账记录, 3个唯一地址
🔎 获取从区块 8 到 12 的 Transfer 事件...
✅ 获取到 5 个 Transfer 事件
✅ 已更新区块数据（共 5 个）
📊 已更新转账记录
✅ [2025/5/15 18:35:17] 第 70 次区块扫描完成 (耗时: 0.01秒)
📊 扫描后状态: 5个区块, 18条转账记录, 3个唯一地址
📈 新增: 0个区块, 0条转账记录
📋 当前区块: 0, 1, 2, 3, 4

🔄 [2025/5/15 18:35:22] 第 71 次区块扫描开始...
📊 扫描前状态: 5个区块, 18条转账记录, 3个唯一地址
🔎 获取从区块 8 到 12 的 Transfer 事件...
✅ 获取到 5 个 Transfer 事件
✅ 已更新区块数据（共 5 个）
📊 已更新转账记录
✅ [2025/5/15 18:35:22] 第 71 次区块扫描完成 (耗时: 0.01秒)
📊 扫描后状态: 5个区块, 18条转账记录, 3个唯一地址
📈 新增: 0个区块, 0条转账记录
📋 当前区块: 0, 1, 2, 3, 4

🔄 [2025/5/15 18:35:27] 第 72 次区块扫描开始...
📊 扫描前状态: 5个区块, 18条转账记录, 3个唯一地址
🔎 获取从区块 8 到 12 的 Transfer 事件...
✅ 获取到 5 个 Transfer 事件
✅ 已更新区块数据（共 5 个）
📊 已更新转账记录
✅ [2025/5/15 18:35:27] 第 72 次区块扫描完成 (耗时: 0.02秒)
📊 扫描后状态: 5个区块, 18条转账记录, 3个唯一地址
📈 新增: 0个区块, 0条转账记录
📋 当前区块: 0, 1, 2, 3, 4

🔄 [2025/5/15 18:35:32] 第 73 次区块扫描开始...
📊 扫描前状态: 5个区块, 18条转账记录, 3个唯一地址
🔎 获取从区块 8 到 12 的 Transfer 事件...
✅ 获取到 5 个 Transfer 事件
✅ 已更新区块数据（共 5 个）
📊 已更新转账记录
✅ [2025/5/15 18:35:32] 第 73 次区块扫描完成 (耗时: 0.01秒)
📊 扫描后状态: 5个区块, 18条转账记录, 3个唯一地址
📈 新增: 0个区块, 0条转账记录
📋 当前区块: 0, 1, 2, 3, 4

🔄 [2025/5/15 18:35:37] 第 74 次区块扫描开始...
📊 扫描前状态: 5个区块, 18条转账记录, 3个唯一地址
🔎 获取从区块 8 到 12 的 Transfer 事件...
✅ 获取到 5 个 Transfer 事件
✅ 已更新区块数据（共 5 个）
📊 已更新转账记录
✅ [2025/5/15 18:35:37] 第 74 次区块扫描完成 (耗时: 0.01秒)
📊 扫描后状态: 5个区块, 18条转账记录, 3个唯一地址
📈 新增: 0个区块, 0条转账记录
📋 当前区块: 0, 1, 2, 3, 4

🔄 [2025/5/15 18:35:42] 第 75 次区块扫描开始...
📊 扫描前状态: 5个区块, 18条转账记录, 3个唯一地址
🔎 获取从区块 8 到 12 的 Transfer 事件...
✅ 获取到 5 个 Transfer 事件
✅ 已更新区块数据（共 5 个）
📊 已更新转账记录
✅ [2025/5/15 18:35:42] 第 75 次区块扫描完成 (耗时: 0.01秒)
📊 扫描后状态: 5个区块, 18条转账记录, 3个唯一地址
📈 新增: 0个区块, 0条转账记录
📋 当前区块: 0, 1, 2, 3, 4

🔄 [2025/5/15 18:35:47] 第 76 次区块扫描开始...
📊 扫描前状态: 5个区块, 18条转账记录, 3个唯一地址
🔎 获取从区块 8 到 12 的 Transfer 事件...
✅ 获取到 5 个 Transfer 事件
✅ 已更新区块数据（共 5 个）
📊 已更新转账记录
✅ [2025/5/15 18:35:47] 第 76 次区块扫描完成 (耗时: 0.01秒)
📊 扫描后状态: 5个区块, 18条转账记录, 3个唯一地址
📈 新增: 0个区块, 0条转账记录
📋 当前区块: 0, 1, 2, 3, 4

🔄 [2025/5/15 18:35:52] 第 77 次区块扫描开始...
📊 扫描前状态: 5个区块, 18条转账记录, 3个唯一地址
🔎 获取从区块 8 到 12 的 Transfer 事件...
✅ 获取到 5 个 Transfer 事件
✅ 已更新区块数据（共 5 个）
📊 已更新转账记录
✅ [2025/5/15 18:35:52] 第 77 次区块扫描完成 (耗时: 0.01秒)
📊 扫描后状态: 5个区块, 18条转账记录, 3个唯一地址
📈 新增: 0个区块, 0条转账记录
📋 当前区块: 0, 1, 2, 3, 4

🔄 [2025/5/15 18:35:57] 第 78 次区块扫描开始...
📊 扫描前状态: 5个区块, 18条转账记录, 3个唯一地址
🔎 获取从区块 8 到 12 的 Transfer 事件...
✅ 获取到 5 个 Transfer 事件
✅ 已更新区块数据（共 5 个）
📊 已更新转账记录
✅ [2025/5/15 18:35:57] 第 78 次区块扫描完成 (耗时: 0.01秒)
📊 扫描后状态: 5个区块, 18条转账记录, 3个唯一地址
📈 新增: 0个区块, 0条转账记录
📋 当前区块: 0, 1, 2, 3, 4

🔄 [2025/5/15 18:36:02] 第 79 次区块扫描开始...
📊 扫描前状态: 5个区块, 18条转账记录, 3个唯一地址
🔎 获取从区块 8 到 12 的 Transfer 事件...
✅ 获取到 5 个 Transfer 事件
✅ 已更新区块数据（共 5 个）
📊 已更新转账记录
✅ [2025/5/15 18:36:02] 第 79 次区块扫描完成 (耗时: 0.01秒)
📊 扫描后状态: 5个区块, 18条转账记录, 3个唯一地址
📈 新增: 0个区块, 0条转账记录
📋 当前区块: 0, 1, 2, 3, 4

🔄 [2025/5/15 18:36:07] 第 80 次区块扫描开始...
📊 扫描前状态: 5个区块, 18条转账记录, 3个唯一地址
🔎 获取从区块 8 到 12 的 Transfer 事件...
✅ 获取到 5 个 Transfer 事件
✅ 已更新区块数据（共 5 个）
📊 已更新转账记录
✅ [2025/5/15 18:36:07] 第 80 次区块扫描完成 (耗时: 0.01秒)
📊 扫描后状态: 5个区块, 18条转账记录, 3个唯一地址
📈 新增: 0个区块, 0条转账记录
📋 当前区块: 0, 1, 2, 3, 4

🔄 [2025/5/15 18:36:12] 第 81 次区块扫描开始...
📊 扫描前状态: 5个区块, 18条转账记录, 3个唯一地址
🔎 获取从区块 8 到 12 的 Transfer 事件...
✅ 获取到 5 个 Transfer 事件
✅ 已更新区块数据（共 5 个）
📊 已更新转账记录
✅ [2025/5/15 18:36:12] 第 81 次区块扫描完成 (耗时: 0.01秒)
📊 扫描后状态: 5个区块, 18条转账记录, 3个唯一地址
📈 新增: 0个区块, 0条转账记录
📋 当前区块: 0, 1, 2, 3, 4

🔄 [2025/5/15 18:36:17] 第 82 次区块扫描开始...
📊 扫描前状态: 5个区块, 18条转账记录, 3个唯一地址
🔎 获取从区块 8 到 12 的 Transfer 事件...
✅ 获取到 5 个 Transfer 事件
✅ 已更新区块数据（共 5 个）
📊 已更新转账记录
✅ [2025/5/15 18:36:17] 第 82 次区块扫描完成 (耗时: 0.01秒)
📊 扫描后状态: 5个区块, 18条转账记录, 3个唯一地址
📈 新增: 0个区块, 0条转账记录
📋 当前区块: 0, 1, 2, 3, 4

🔄 [2025/5/15 18:36:22] 第 83 次区块扫描开始...
📊 扫描前状态: 5个区块, 18条转账记录, 3个唯一地址
🔎 获取从区块 8 到 12 的 Transfer 事件...
✅ 获取到 5 个 Transfer 事件
✅ 已更新区块数据（共 5 个）
📊 已更新转账记录
✅ [2025/5/15 18:36:22] 第 83 次区块扫描完成 (耗时: 0.01秒)
📊 扫描后状态: 5个区块, 18条转账记录, 3个唯一地址
📈 新增: 0个区块, 0条转账记录
📋 当前区块: 0, 1, 2, 3, 4

🔄 [2025/5/15 18:36:27] 第 84 次区块扫描开始...
📊 扫描前状态: 5个区块, 18条转账记录, 3个唯一地址
🔎 获取从区块 8 到 12 的 Transfer 事件...
✅ 获取到 5 个 Transfer 事件
✅ 已更新区块数据（共 5 个）
📊 已更新转账记录
✅ [2025/5/15 18:36:27] 第 84 次区块扫描完成 (耗时: 0.01秒)
📊 扫描后状态: 5个区块, 18条转账记录, 3个唯一地址
📈 新增: 0个区块, 0条转账记录
📋 当前区块: 0, 1, 2, 3, 4

🔄 [2025/5/15 18:36:32] 第 85 次区块扫描开始...
📊 扫描前状态: 5个区块, 18条转账记录, 3个唯一地址
🔎 获取从区块 8 到 12 的 Transfer 事件...
✅ 获取到 5 个 Transfer 事件
✅ 已更新区块数据（共 5 个）
📊 已更新转账记录
✅ [2025/5/15 18:36:32] 第 85 次区块扫描完成 (耗时: 0.01秒)
📊 扫描后状态: 5个区块, 18条转账记录, 3个唯一地址
📈 新增: 0个区块, 0条转账记录
📋 当前区块: 0, 1, 2, 3, 4

🔄 [2025/5/15 18:36:37] 第 86 次区块扫描开始...
📊 扫描前状态: 5个区块, 18条转账记录, 3个唯一地址
🔎 获取从区块 8 到 12 的 Transfer 事件...
✅ 获取到 5 个 Transfer 事件
✅ 已更新区块数据（共 5 个）
📊 已更新转账记录
✅ [2025/5/15 18:36:37] 第 86 次区块扫描完成 (耗时: 0.01秒)
📊 扫描后状态: 5个区块, 18条转账记录, 3个唯一地址
📈 新增: 0个区块, 0条转账记录
📋 当前区块: 0, 1, 2, 3, 4

🔄 [2025/5/15 18:36:42] 第 87 次区块扫描开始...
📊 扫描前状态: 5个区块, 18条转账记录, 3个唯一地址
🔎 获取从区块 8 到 12 的 Transfer 事件...
✅ 获取到 5 个 Transfer 事件
✅ 已更新区块数据（共 5 个）
📊 已更新转账记录
✅ [2025/5/15 18:36:42] 第 87 次区块扫描完成 (耗时: 0.01秒)
📊 扫描后状态: 5个区块, 18条转账记录, 3个唯一地址
📈 新增: 0个区块, 0条转账记录
📋 当前区块: 0, 1, 2, 3, 4

🔄 [2025/5/15 18:36:47] 第 88 次区块扫描开始...
📊 扫描前状态: 5个区块, 18条转账记录, 3个唯一地址
🔎 获取从区块 8 到 12 的 Transfer 事件...
✅ 获取到 5 个 Transfer 事件
✅ 已更新区块数据（共 5 个）
📊 已更新转账记录
✅ [2025/5/15 18:36:47] 第 88 次区块扫描完成 (耗时: 0.01秒)
📊 扫描后状态: 5个区块, 18条转账记录, 3个唯一地址
📈 新增: 0个区块, 0条转账记录
📋 当前区块: 0, 1, 2, 3, 4

🔄 [2025/5/15 18:36:52] 第 89 次区块扫描开始...
📊 扫描前状态: 5个区块, 18条转账记录, 3个唯一地址
🔎 获取从区块 8 到 12 的 Transfer 事件...
✅ 获取到 5 个 Transfer 事件
✅ 已更新区块数据（共 5 个）
📊 已更新转账记录
✅ [2025/5/15 18:36:52] 第 89 次区块扫描完成 (耗时: 0.01秒)
📊 扫描后状态: 5个区块, 18条转账记录, 3个唯一地址
📈 新增: 0个区块, 0条转账记录
📋 当前区块: 0, 1, 2, 3, 4

🔄 [2025/5/15 18:36:57] 第 90 次区块扫描开始...
📊 扫描前状态: 5个区块, 18条转账记录, 3个唯一地址
🔎 获取从区块 8 到 12 的 Transfer 事件...
✅ 获取到 5 个 Transfer 事件
✅ 已更新区块数据（共 5 个）
📊 已更新转账记录
✅ [2025/5/15 18:36:57] 第 90 次区块扫描完成 (耗时: 0.01秒)
📊 扫描后状态: 5个区块, 18条转账记录, 3个唯一地址
📈 新增: 0个区块, 0条转账记录
📋 当前区块: 0, 1, 2, 3, 4

🔄 [2025/5/15 18:37:02] 第 91 次区块扫描开始...
📊 扫描前状态: 5个区块, 18条转账记录, 3个唯一地址
🔎 获取从区块 8 到 12 的 Transfer 事件...
✅ 获取到 5 个 Transfer 事件
✅ 已更新区块数据（共 5 个）
📊 已更新转账记录
✅ [2025/5/15 18:37:02] 第 91 次区块扫描完成 (耗时: 0.01秒)
📊 扫描后状态: 5个区块, 18条转账记录, 3个唯一地址
📈 新增: 0个区块, 0条转账记录
📋 当前区块: 0, 1, 2, 3, 4

🔄 [2025/5/15 18:37:07] 第 92 次区块扫描开始...
📊 扫描前状态: 5个区块, 18条转账记录, 3个唯一地址
🔎 获取从区块 8 到 12 的 Transfer 事件...
✅ 获取到 5 个 Transfer 事件
✅ 已更新区块数据（共 5 个）
📊 已更新转账记录
✅ [2025/5/15 18:37:07] 第 92 次区块扫描完成 (耗时: 0.01秒)
📊 扫描后状态: 5个区块, 18条转账记录, 3个唯一地址
📈 新增: 0个区块, 0条转账记录
📋 当前区块: 0, 1, 2, 3, 4

🔄 [2025/5/15 18:37:12] 第 93 次区块扫描开始...
📊 扫描前状态: 5个区块, 18条转账记录, 3个唯一地址
🔎 获取从区块 8 到 12 的 Transfer 事件...
✅ 获取到 5 个 Transfer 事件
✅ 已更新区块数据（共 5 个）
📊 已更新转账记录
✅ [2025/5/15 18:37:12] 第 93 次区块扫描完成 (耗时: 0.01秒)
📊 扫描后状态: 5个区块, 18条转账记录, 3个唯一地址
📈 新增: 0个区块, 0条转账记录
📋 当前区块: 0, 1, 2, 3, 4

🔄 [2025/5/15 18:37:17] 第 94 次区块扫描开始...
📊 扫描前状态: 5个区块, 18条转账记录, 3个唯一地址
🔎 获取从区块 8 到 12 的 Transfer 事件...
✅ 获取到 5 个 Transfer 事件
✅ 已更新区块数据（共 5 个）
📊 已更新转账记录
✅ [2025/5/15 18:37:17] 第 94 次区块扫描完成 (耗时: 0.01秒)
📊 扫描后状态: 5个区块, 18条转账记录, 3个唯一地址
📈 新增: 0个区块, 0条转账记录
📋 当前区块: 0, 1, 2, 3, 4

🔄 [2025/5/15 18:37:22] 第 95 次区块扫描开始...
📊 扫描前状态: 5个区块, 18条转账记录, 3个唯一地址
🔎 获取从区块 8 到 12 的 Transfer 事件...
✅ 获取到 5 个 Transfer 事件
✅ 已更新区块数据（共 5 个）
📊 已更新转账记录
✅ [2025/5/15 18:37:22] 第 95 次区块扫描完成 (耗时: 0.01秒)
📊 扫描后状态: 5个区块, 18条转账记录, 3个唯一地址
📈 新增: 0个区块, 0条转账记录
📋 当前区块: 0, 1, 2, 3, 4

🔄 [2025/5/15 18:37:27] 第 96 次区块扫描开始...
📊 扫描前状态: 5个区块, 18条转账记录, 3个唯一地址
🔎 获取从区块 8 到 12 的 Transfer 事件...
✅ 获取到 5 个 Transfer 事件
✅ 已更新区块数据（共 5 个）
📊 已更新转账记录
✅ [2025/5/15 18:37:27] 第 96 次区块扫描完成 (耗时: 0.01秒)
📊 扫描后状态: 5个区块, 18条转账记录, 3个唯一地址
📈 新增: 0个区块, 0条转账记录
📋 当前区块: 0, 1, 2, 3, 4

🔄 [2025/5/15 18:37:32] 第 97 次区块扫描开始...
📊 扫描前状态: 5个区块, 18条转账记录, 3个唯一地址
🔎 获取从区块 8 到 12 的 Transfer 事件...
✅ 获取到 5 个 Transfer 事件
✅ 已更新区块数据（共 5 个）
📊 已更新转账记录
✅ [2025/5/15 18:37:32] 第 97 次区块扫描完成 (耗时: 0.01秒)
📊 扫描后状态: 5个区块, 18条转账记录, 3个唯一地址
📈 新增: 0个区块, 0条转账记录
📋 当前区块: 0, 1, 2, 3, 4

🔄 [2025/5/15 18:37:37] 第 98 次区块扫描开始...
📊 扫描前状态: 5个区块, 18条转账记录, 3个唯一地址
🔎 获取从区块 8 到 12 的 Transfer 事件...
✅ 获取到 5 个 Transfer 事件
✅ 已更新区块数据（共 5 个）
📊 已更新转账记录
✅ [2025/5/15 18:37:37] 第 98 次区块扫描完成 (耗时: 0.01秒)
📊 扫描后状态: 5个区块, 18条转账记录, 3个唯一地址
📈 新增: 0个区块, 0条转账记录
📋 当前区块: 0, 1, 2, 3, 4

🔄 [2025/5/15 18:37:42] 第 99 次区块扫描开始...
📊 扫描前状态: 5个区块, 18条转账记录, 3个唯一地址
🔎 获取从区块 8 到 12 的 Transfer 事件...
✅ 获取到 5 个 Transfer 事件
✅ 已更新区块数据（共 5 个）
📊 已更新转账记录
✅ [2025/5/15 18:37:42] 第 99 次区块扫描完成 (耗时: 0.01秒)
📊 扫描后状态: 5个区块, 18条转账记录, 3个唯一地址
📈 新增: 0个区块, 0条转账记录
📋 当前区块: 0, 1, 2, 3, 4

🔄 [2025/5/15 18:37:47] 第 100 次区块扫描开始...
📊 扫描前状态: 5个区块, 18条转账记录, 3个唯一地址
🔎 获取从区块 8 到 12 的 Transfer 事件...
✅ 获取到 5 个 Transfer 事件
✅ 已更新区块数据（共 5 个）
📊 已更新转账记录
✅ [2025/5/15 18:37:47] 第 100 次区块扫描完成 (耗时: 0.01秒)
📊 扫描后状态: 5个区块, 18条转账记录, 3个唯一地址
📈 新增: 0个区块, 0条转账记录
📋 当前区块: 0, 1, 2, 3, 4

🔄 [2025/5/15 18:37:52] 第 101 次区块扫描开始...
📊 扫描前状态: 5个区块, 18条转账记录, 3个唯一地址
🔎 获取从区块 8 到 12 的 Transfer 事件...
✅ 获取到 5 个 Transfer 事件
✅ 已更新区块数据（共 5 个）
📊 已更新转账记录
✅ [2025/5/15 18:37:52] 第 101 次区块扫描完成 (耗时: 0.01秒)
📊 扫描后状态: 5个区块, 18条转账记录, 3个唯一地址
📈 新增: 0个区块, 0条转账记录
📋 当前区块: 0, 1, 2, 3, 4

🔄 [2025/5/15 18:37:57] 第 102 次区块扫描开始...
📊 扫描前状态: 5个区块, 18条转账记录, 3个唯一地址
🔎 获取从区块 8 到 12 的 Transfer 事件...
✅ 获取到 5 个 Transfer 事件
✅ 已更新区块数据（共 5 个）
📊 已更新转账记录
✅ [2025/5/15 18:37:57] 第 102 次区块扫描完成 (耗时: 0.01秒)
📊 扫描后状态: 5个区块, 18条转账记录, 3个唯一地址
📈 新增: 0个区块, 0条转账记录
📋 当前区块: 0, 1, 2, 3, 4

🔄 [2025/5/15 18:38:02] 第 103 次区块扫描开始...
📊 扫描前状态: 5个区块, 18条转账记录, 3个唯一地址
🔎 获取从区块 8 到 12 的 Transfer 事件...
✅ 获取到 5 个 Transfer 事件
✅ 已更新区块数据（共 5 个）
📊 已更新转账记录
✅ [2025/5/15 18:38:02] 第 103 次区块扫描完成 (耗时: 0.01秒)
📊 扫描后状态: 5个区块, 18条转账记录, 3个唯一地址
📈 新增: 0个区块, 0条转账记录
📋 当前区块: 0, 1, 2, 3, 4

🔄 [2025/5/15 18:38:07] 第 104 次区块扫描开始...
📊 扫描前状态: 5个区块, 18条转账记录, 3个唯一地址
🔎 获取从区块 8 到 12 的 Transfer 事件...
✅ 获取到 5 个 Transfer 事件
✅ 已更新区块数据（共 5 个）
📊 已更新转账记录
✅ [2025/5/15 18:38:07] 第 104 次区块扫描完成 (耗时: 0.02秒)
📊 扫描后状态: 5个区块, 18条转账记录, 3个唯一地址
📈 新增: 0个区块, 0条转账记录
📋 当前区块: 0, 1, 2, 3, 4

🔄 [2025/5/15 18:38:12] 第 105 次区块扫描开始...
📊 扫描前状态: 5个区块, 18条转账记录, 3个唯一地址
🔎 获取从区块 8 到 12 的 Transfer 事件...
✅ 获取到 5 个 Transfer 事件
✅ 已更新区块数据（共 5 个）
📊 已更新转账记录
✅ [2025/5/15 18:38:12] 第 105 次区块扫描完成 (耗时: 0.01秒)
📊 扫描后状态: 5个区块, 18条转账记录, 3个唯一地址
📈 新增: 0个区块, 0条转账记录
📋 当前区块: 0, 1, 2, 3, 4

🔄 [2025/5/15 18:38:17] 第 106 次区块扫描开始...
📊 扫描前状态: 5个区块, 18条转账记录, 3个唯一地址
🔎 获取从区块 8 到 12 的 Transfer 事件...
✅ 获取到 5 个 Transfer 事件
✅ 已更新区块数据（共 5 个）
📊 已更新转账记录
✅ [2025/5/15 18:38:17] 第 106 次区块扫描完成 (耗时: 0.02秒)
📊 扫描后状态: 5个区块, 18条转账记录, 3个唯一地址
📈 新增: 0个区块, 0条转账记录
📋 当前区块: 0, 1, 2, 3, 4

🔄 [2025/5/15 18:38:22] 第 107 次区块扫描开始...
📊 扫描前状态: 5个区块, 18条转账记录, 3个唯一地址
🔎 获取从区块 8 到 12 的 Transfer 事件...
✅ 获取到 5 个 Transfer 事件
✅ 已更新区块数据（共 5 个）
📊 已更新转账记录
✅ [2025/5/15 18:38:22] 第 107 次区块扫描完成 (耗时: 0.01秒)
📊 扫描后状态: 5个区块, 18条转账记录, 3个唯一地址
📈 新增: 0个区块, 0条转账记录
📋 当前区块: 0, 1, 2, 3, 4

🔄 [2025/5/15 18:38:27] 第 108 次区块扫描开始...
📊 扫描前状态: 5个区块, 18条转账记录, 3个唯一地址
🔎 获取从区块 8 到 12 的 Transfer 事件...
✅ 获取到 5 个 Transfer 事件
✅ 已更新区块数据（共 5 个）
📊 已更新转账记录
✅ [2025/5/15 18:38:27] 第 108 次区块扫描完成 (耗时: 0.01秒)
📊 扫描后状态: 5个区块, 18条转账记录, 3个唯一地址
📈 新增: 0个区块, 0条转账记录
📋 当前区块: 0, 1, 2, 3, 4

🔄 [2025/5/15 18:38:32] 第 109 次区块扫描开始...
📊 扫描前状态: 5个区块, 18条转账记录, 3个唯一地址
🔎 获取从区块 8 到 12 的 Transfer 事件...
✅ 获取到 5 个 Transfer 事件
✅ 已更新区块数据（共 5 个）
📊 已更新转账记录
✅ [2025/5/15 18:38:32] 第 109 次区块扫描完成 (耗时: 0.02秒)
📊 扫描后状态: 5个区块, 18条转账记录, 3个唯一地址
📈 新增: 0个区块, 0条转账记录
📋 当前区块: 0, 1, 2, 3, 4

🔄 [2025/5/15 18:38:37] 第 110 次区块扫描开始...
📊 扫描前状态: 5个区块, 18条转账记录, 3个唯一地址
🔎 获取从区块 8 到 12 的 Transfer 事件...
✅ 获取到 5 个 Transfer 事件
✅ 已更新区块数据（共 5 个）
📊 已更新转账记录
✅ [2025/5/15 18:38:37] 第 110 次区块扫描完成 (耗时: 0.01秒)
📊 扫描后状态: 5个区块, 18条转账记录, 3个唯一地址
📈 新增: 0个区块, 0条转账记录
📋 当前区块: 0, 1, 2, 3, 4

🔄 [2025/5/15 18:38:42] 第 111 次区块扫描开始...
📊 扫描前状态: 5个区块, 18条转账记录, 3个唯一地址
🔎 获取从区块 8 到 12 的 Transfer 事件...
✅ 获取到 5 个 Transfer 事件
✅ 已更新区块数据（共 5 个）
📊 已更新转账记录
✅ [2025/5/15 18:38:42] 第 111 次区块扫描完成 (耗时: 0.01秒)
📊 扫描后状态: 5个区块, 18条转账记录, 3个唯一地址
📈 新增: 0个区块, 0条转账记录
📋 当前区块: 0, 1, 2, 3, 4

🔄 [2025/5/15 18:38:47] 第 112 次区块扫描开始...
📊 扫描前状态: 5个区块, 18条转账记录, 3个唯一地址
🔎 获取从区块 8 到 12 的 Transfer 事件...
✅ 获取到 5 个 Transfer 事件
✅ 已更新区块数据（共 5 个）
📊 已更新转账记录
✅ [2025/5/15 18:38:47] 第 112 次区块扫描完成 (耗时: 0.01秒)
📊 扫描后状态: 5个区块, 18条转账记录, 3个唯一地址
📈 新增: 0个区块, 0条转账记录
📋 当前区块: 0, 1, 2, 3, 4

🔄 [2025/5/15 18:38:52] 第 113 次区块扫描开始...
📊 扫描前状态: 5个区块, 18条转账记录, 3个唯一地址
🔎 获取从区块 8 到 12 的 Transfer 事件...
✅ 获取到 5 个 Transfer 事件
✅ 已更新区块数据（共 5 个）
📊 已更新转账记录
✅ [2025/5/15 18:38:52] 第 113 次区块扫描完成 (耗时: 0.01秒)
📊 扫描后状态: 5个区块, 18条转账记录, 3个唯一地址
📈 新增: 0个区块, 0条转账记录
📋 当前区块: 0, 1, 2, 3, 4

🔄 [2025/5/15 18:38:57] 第 114 次区块扫描开始...
📊 扫描前状态: 5个区块, 18条转账记录, 3个唯一地址
🔎 获取从区块 8 到 12 的 Transfer 事件...
✅ 获取到 5 个 Transfer 事件
✅ 已更新区块数据（共 5 个）
📊 已更新转账记录
✅ [2025/5/15 18:38:57] 第 114 次区块扫描完成 (耗时: 0.01秒)
📊 扫描后状态: 5个区块, 18条转账记录, 3个唯一地址
📈 新增: 0个区块, 0条转账记录
📋 当前区块: 0, 1, 2, 3, 4

🔄 [2025/5/15 18:39:02] 第 115 次区块扫描开始...
📊 扫描前状态: 5个区块, 18条转账记录, 3个唯一地址
🔎 获取从区块 8 到 12 的 Transfer 事件...
✅ 获取到 5 个 Transfer 事件
✅ 已更新区块数据（共 5 个）
📊 已更新转账记录
✅ [2025/5/15 18:39:02] 第 115 次区块扫描完成 (耗时: 0.01秒)
📊 扫描后状态: 5个区块, 18条转账记录, 3个唯一地址
📈 新增: 0个区块, 0条转账记录
📋 当前区块: 0, 1, 2, 3, 4

🔄 [2025/5/15 18:39:07] 第 116 次区块扫描开始...
📊 扫描前状态: 5个区块, 18条转账记录, 3个唯一地址
🔎 获取从区块 8 到 12 的 Transfer 事件...
✅ 获取到 5 个 Transfer 事件
✅ 已更新区块数据（共 5 个）
📊 已更新转账记录
✅ [2025/5/15 18:39:07] 第 116 次区块扫描完成 (耗时: 0.01秒)
📊 扫描后状态: 5个区块, 18条转账记录, 3个唯一地址
📈 新增: 0个区块, 0条转账记录
📋 当前区块: 0, 1, 2, 3, 4

🔄 [2025/5/15 18:39:12] 第 117 次区块扫描开始...
📊 扫描前状态: 5个区块, 18条转账记录, 3个唯一地址
🔎 获取从区块 8 到 12 的 Transfer 事件...
✅ 获取到 5 个 Transfer 事件
✅ 已更新区块数据（共 5 个）
📊 已更新转账记录
✅ [2025/5/15 18:39:12] 第 117 次区块扫描完成 (耗时: 0.01秒)
📊 扫描后状态: 5个区块, 18条转账记录, 3个唯一地址
📈 新增: 0个区块, 0条转账记录
📋 当前区块: 0, 1, 2, 3, 4

🔄 [2025/5/15 18:39:17] 第 118 次区块扫描开始...
📊 扫描前状态: 5个区块, 18条转账记录, 3个唯一地址
🔎 获取从区块 8 到 12 的 Transfer 事件...
✅ 获取到 5 个 Transfer 事件
✅ 已更新区块数据（共 5 个）
📊 已更新转账记录
✅ [2025/5/15 18:39:17] 第 118 次区块扫描完成 (耗时: 0.01秒)
📊 扫描后状态: 5个区块, 18条转账记录, 3个唯一地址
📈 新增: 0个区块, 0条转账记录
📋 当前区块: 0, 1, 2, 3, 4

🔄 [2025/5/15 18:39:22] 第 119 次区块扫描开始...
📊 扫描前状态: 5个区块, 18条转账记录, 3个唯一地址
🔎 获取从区块 8 到 12 的 Transfer 事件...
✅ 获取到 5 个 Transfer 事件
✅ 已更新区块数据（共 5 个）
📊 已更新转账记录
✅ [2025/5/15 18:39:22] 第 119 次区块扫描完成 (耗时: 0.01秒)
📊 扫描后状态: 5个区块, 18条转账记录, 3个唯一地址
📈 新增: 0个区块, 0条转账记录
📋 当前区块: 0, 1, 2, 3, 4

🔄 [2025/5/15 18:39:27] 第 120 次区块扫描开始...
📊 扫描前状态: 5个区块, 18条转账记录, 3个唯一地址
🔎 获取从区块 8 到 12 的 Transfer 事件...
✅ 获取到 5 个 Transfer 事件
✅ 已更新区块数据（共 5 个）
📊 已更新转账记录
✅ [2025/5/15 18:39:27] 第 120 次区块扫描完成 (耗时: 0.01秒)
📊 扫描后状态: 5个区块, 18条转账记录, 3个唯一地址
📈 新增: 0个区块, 0条转账记录
📋 当前区块: 0, 1, 2, 3, 4

🔄 [2025/5/15 18:39:32] 第 121 次区块扫描开始...
📊 扫描前状态: 5个区块, 18条转账记录, 3个唯一地址
🔎 获取从区块 8 到 12 的 Transfer 事件...
✅ 获取到 5 个 Transfer 事件
✅ 已更新区块数据（共 5 个）
📊 已更新转账记录
✅ [2025/5/15 18:39:32] 第 121 次区块扫描完成 (耗时: 0.01秒)
📊 扫描后状态: 5个区块, 18条转账记录, 3个唯一地址
📈 新增: 0个区块, 0条转账记录
📋 当前区块: 0, 1, 2, 3, 4

🔄 [2025/5/15 18:39:37] 第 122 次区块扫描开始...
📊 扫描前状态: 5个区块, 18条转账记录, 3个唯一地址
🔎 获取从区块 8 到 12 的 Transfer 事件...
✅ 获取到 5 个 Transfer 事件
✅ 已更新区块数据（共 5 个）
📊 已更新转账记录
✅ [2025/5/15 18:39:37] 第 122 次区块扫描完成 (耗时: 0.01秒)
📊 扫描后状态: 5个区块, 18条转账记录, 3个唯一地址
📈 新增: 0个区块, 0条转账记录
📋 当前区块: 0, 1, 2, 3, 4

🔄 [2025/5/15 18:39:42] 第 123 次区块扫描开始...
📊 扫描前状态: 5个区块, 18条转账记录, 3个唯一地址
🔎 获取从区块 8 到 12 的 Transfer 事件...
✅ 获取到 5 个 Transfer 事件
✅ 已更新区块数据（共 5 个）
📊 已更新转账记录
✅ [2025/5/15 18:39:42] 第 123 次区块扫描完成 (耗时: 0.01秒)
📊 扫描后状态: 5个区块, 18条转账记录, 3个唯一地址
📈 新增: 0个区块, 0条转账记录
📋 当前区块: 0, 1, 2, 3, 4

🔄 [2025/5/15 18:39:47] 第 124 次区块扫描开始...
📊 扫描前状态: 5个区块, 18条转账记录, 3个唯一地址
🔎 获取从区块 8 到 12 的 Transfer 事件...
✅ 获取到 5 个 Transfer 事件
✅ 已更新区块数据（共 5 个）
📊 已更新转账记录
✅ [2025/5/15 18:39:47] 第 124 次区块扫描完成 (耗时: 0.01秒)
📊 扫描后状态: 5个区块, 18条转账记录, 3个唯一地址
📈 新增: 0个区块, 0条转账记录
📋 当前区块: 0, 1, 2, 3, 4

🔄 [2025/5/15 18:39:52] 第 125 次区块扫描开始...
📊 扫描前状态: 5个区块, 18条转账记录, 3个唯一地址
🔎 获取从区块 8 到 12 的 Transfer 事件...
✅ 获取到 5 个 Transfer 事件
✅ 已更新区块数据（共 5 个）
📊 已更新转账记录
✅ [2025/5/15 18:39:52] 第 125 次区块扫描完成 (耗时: 0.01秒)
📊 扫描后状态: 5个区块, 18条转账记录, 3个唯一地址
📈 新增: 0个区块, 0条转账记录
📋 当前区块: 0, 1, 2, 3, 4

🔄 [2025/5/15 18:39:57] 第 126 次区块扫描开始...
📊 扫描前状态: 5个区块, 18条转账记录, 3个唯一地址
🔎 获取从区块 8 到 12 的 Transfer 事件...
✅ 获取到 5 个 Transfer 事件
✅ 已更新区块数据（共 5 个）
📊 已更新转账记录
✅ [2025/5/15 18:39:57] 第 126 次区块扫描完成 (耗时: 0.01秒)
📊 扫描后状态: 5个区块, 18条转账记录, 3个唯一地址
📈 新增: 0个区块, 0条转账记录
📋 当前区块: 0, 1, 2, 3, 4

🔄 [2025/5/15 18:40:02] 第 127 次区块扫描开始...
📊 扫描前状态: 5个区块, 18条转账记录, 3个唯一地址
🔎 获取从区块 8 到 12 的 Transfer 事件...
✅ 获取到 5 个 Transfer 事件
✅ 已更新区块数据（共 5 个）
📊 已更新转账记录
✅ [2025/5/15 18:40:02] 第 127 次区块扫描完成 (耗时: 0.02秒)
📊 扫描后状态: 5个区块, 18条转账记录, 3个唯一地址
📈 新增: 0个区块, 0条转账记录
📋 当前区块: 0, 1, 2, 3, 4

🔄 [2025/5/15 18:40:07] 第 128 次区块扫描开始...
📊 扫描前状态: 5个区块, 18条转账记录, 3个唯一地址
🔎 获取从区块 8 到 12 的 Transfer 事件...
✅ 获取到 5 个 Transfer 事件
✅ 已更新区块数据（共 5 个）
📊 已更新转账记录
✅ [2025/5/15 18:40:07] 第 128 次区块扫描完成 (耗时: 0.01秒)
📊 扫描后状态: 5个区块, 18条转账记录, 3个唯一地址
📈 新增: 0个区块, 0条转账记录
📋 当前区块: 0, 1, 2, 3, 4

🔄 [2025/5/15 18:40:12] 第 129 次区块扫描开始...
📊 扫描前状态: 5个区块, 18条转账记录, 3个唯一地址
🔎 获取从区块 8 到 12 的 Transfer 事件...
✅ 获取到 5 个 Transfer 事件
✅ 已更新区块数据（共 5 个）
📊 已更新转账记录
✅ [2025/5/15 18:40:12] 第 129 次区块扫描完成 (耗时: 0.01秒)
📊 扫描后状态: 5个区块, 18条转账记录, 3个唯一地址
📈 新增: 0个区块, 0条转账记录
📋 当前区块: 0, 1, 2, 3, 4

🔄 [2025/5/15 18:40:17] 第 130 次区块扫描开始...
📊 扫描前状态: 5个区块, 18条转账记录, 3个唯一地址
🔎 获取从区块 8 到 12 的 Transfer 事件...
✅ 获取到 5 个 Transfer 事件
✅ 已更新区块数据（共 5 个）
📊 已更新转账记录
✅ [2025/5/15 18:40:17] 第 130 次区块扫描完成 (耗时: 0.02秒)
📊 扫描后状态: 5个区块, 18条转账记录, 3个唯一地址
📈 新增: 0个区块, 0条转账记录
📋 当前区块: 0, 1, 2, 3, 4

🔄 [2025/5/15 18:40:22] 第 131 次区块扫描开始...
📊 扫描前状态: 5个区块, 18条转账记录, 3个唯一地址
🔎 获取从区块 8 到 12 的 Transfer 事件...
✅ 获取到 5 个 Transfer 事件
✅ 已更新区块数据（共 5 个）
📊 已更新转账记录
✅ [2025/5/15 18:40:22] 第 131 次区块扫描完成 (耗时: 0.01秒)
📊 扫描后状态: 5个区块, 18条转账记录, 3个唯一地址
📈 新增: 0个区块, 0条转账记录
📋 当前区块: 0, 1, 2, 3, 4

🔄 [2025/5/15 18:40:27] 第 132 次区块扫描开始...
📊 扫描前状态: 5个区块, 18条转账记录, 3个唯一地址
🔎 获取从区块 8 到 12 的 Transfer 事件...
✅ 获取到 5 个 Transfer 事件
✅ 已更新区块数据（共 5 个）
📊 已更新转账记录
✅ [2025/5/15 18:40:27] 第 132 次区块扫描完成 (耗时: 0.02秒)
📊 扫描后状态: 5个区块, 18条转账记录, 3个唯一地址
📈 新增: 0个区块, 0条转账记录
📋 当前区块: 0, 1, 2, 3, 4

🔄 [2025/5/15 18:40:32] 第 133 次区块扫描开始...
📊 扫描前状态: 5个区块, 18条转账记录, 3个唯一地址
🔎 获取从区块 8 到 12 的 Transfer 事件...
✅ 获取到 5 个 Transfer 事件
✅ 已更新区块数据（共 5 个）
📊 已更新转账记录
✅ [2025/5/15 18:40:32] 第 133 次区块扫描完成 (耗时: 0.01秒)
📊 扫描后状态: 5个区块, 18条转账记录, 3个唯一地址
📈 新增: 0个区块, 0条转账记录
📋 当前区块: 0, 1, 2, 3, 4

🔄 [2025/5/15 18:40:37] 第 134 次区块扫描开始...
📊 扫描前状态: 5个区块, 18条转账记录, 3个唯一地址
🔎 获取从区块 8 到 12 的 Transfer 事件...
✅ 获取到 5 个 Transfer 事件
✅ 已更新区块数据（共 5 个）
📊 已更新转账记录
✅ [2025/5/15 18:40:37] 第 134 次区块扫描完成 (耗时: 0.01秒)
📊 扫描后状态: 5个区块, 18条转账记录, 3个唯一地址
📈 新增: 0个区块, 0条转账记录
📋 当前区块: 0, 1, 2, 3, 4

🔄 [2025/5/15 18:40:42] 第 135 次区块扫描开始...
📊 扫描前状态: 5个区块, 18条转账记录, 3个唯一地址
🔎 获取从区块 8 到 12 的 Transfer 事件...
✅ 获取到 5 个 Transfer 事件
✅ 已更新区块数据（共 5 个）
📊 已更新转账记录
✅ [2025/5/15 18:40:42] 第 135 次区块扫描完成 (耗时: 0.01秒)
📊 扫描后状态: 5个区块, 18条转账记录, 3个唯一地址
📈 新增: 0个区块, 0条转账记录
📋 当前区块: 0, 1, 2, 3, 4

🔄 [2025/5/15 18:40:47] 第 136 次区块扫描开始...
📊 扫描前状态: 5个区块, 18条转账记录, 3个唯一地址
🔎 获取从区块 8 到 12 的 Transfer 事件...
✅ 获取到 5 个 Transfer 事件
✅ 已更新区块数据（共 5 个）
📊 已更新转账记录
✅ [2025/5/15 18:40:47] 第 136 次区块扫描完成 (耗时: 0.01秒)
📊 扫描后状态: 5个区块, 18条转账记录, 3个唯一地址
📈 新增: 0个区块, 0条转账记录
📋 当前区块: 0, 1, 2, 3, 4

🔄 [2025/5/15 18:40:52] 第 137 次区块扫描开始...
📊 扫描前状态: 5个区块, 18条转账记录, 3个唯一地址
🔎 获取从区块 8 到 12 的 Transfer 事件...
✅ 获取到 5 个 Transfer 事件
✅ 已更新区块数据（共 5 个）
📊 已更新转账记录
✅ [2025/5/15 18:40:52] 第 137 次区块扫描完成 (耗时: 0.01秒)
📊 扫描后状态: 5个区块, 18条转账记录, 3个唯一地址
📈 新增: 0个区块, 0条转账记录
📋 当前区块: 0, 1, 2, 3, 4

🔄 [2025/5/15 18:40:57] 第 138 次区块扫描开始...
📊 扫描前状态: 5个区块, 18条转账记录, 3个唯一地址
🔎 获取从区块 8 到 12 的 Transfer 事件...
✅ 获取到 5 个 Transfer 事件
✅ 已更新区块数据（共 5 个）
📊 已更新转账记录
✅ [2025/5/15 18:40:57] 第 138 次区块扫描完成 (耗时: 0.01秒)
📊 扫描后状态: 5个区块, 18条转账记录, 3个唯一地址
📈 新增: 0个区块, 0条转账记录
📋 当前区块: 0, 1, 2, 3, 4

🔄 [2025/5/15 18:41:02] 第 139 次区块扫描开始...
📊 扫描前状态: 5个区块, 18条转账记录, 3个唯一地址
🔎 获取从区块 8 到 12 的 Transfer 事件...
✅ 获取到 5 个 Transfer 事件
✅ 已更新区块数据（共 5 个）
📊 已更新转账记录
✅ [2025/5/15 18:41:02] 第 139 次区块扫描完成 (耗时: 0.01秒)
📊 扫描后状态: 5个区块, 18条转账记录, 3个唯一地址
📈 新增: 0个区块, 0条转账记录
📋 当前区块: 0, 1, 2, 3, 4

🔄 [2025/5/15 18:41:07] 第 140 次区块扫描开始...
📊 扫描前状态: 5个区块, 18条转账记录, 3个唯一地址
🔎 获取从区块 8 到 12 的 Transfer 事件...
✅ 获取到 5 个 Transfer 事件
✅ 已更新区块数据（共 5 个）
📊 已更新转账记录
✅ [2025/5/15 18:41:07] 第 140 次区块扫描完成 (耗时: 0.01秒)
📊 扫描后状态: 5个区块, 18条转账记录, 3个唯一地址
📈 新增: 0个区块, 0条转账记录
📋 当前区块: 0, 1, 2, 3, 4

🔄 [2025/5/15 18:41:12] 第 141 次区块扫描开始...
📊 扫描前状态: 5个区块, 18条转账记录, 3个唯一地址
🔎 获取从区块 8 到 12 的 Transfer 事件...
✅ 获取到 5 个 Transfer 事件
✅ 已更新区块数据（共 5 个）
📊 已更新转账记录
✅ [2025/5/15 18:41:12] 第 141 次区块扫描完成 (耗时: 0.02秒)
📊 扫描后状态: 5个区块, 18条转账记录, 3个唯一地址
📈 新增: 0个区块, 0条转账记录
📋 当前区块: 0, 1, 2, 3, 4

🔄 [2025/5/15 18:41:17] 第 142 次区块扫描开始...
📊 扫描前状态: 5个区块, 18条转账记录, 3个唯一地址
🔎 获取从区块 8 到 12 的 Transfer 事件...
✅ 获取到 5 个 Transfer 事件
✅ 已更新区块数据（共 5 个）
📊 已更新转账记录
✅ [2025/5/15 18:41:17] 第 142 次区块扫描完成 (耗时: 0.01秒)
📊 扫描后状态: 5个区块, 18条转账记录, 3个唯一地址
📈 新增: 0个区块, 0条转账记录
📋 当前区块: 0, 1, 2, 3, 4

🔄 [2025/5/15 18:41:22] 第 143 次区块扫描开始...
📊 扫描前状态: 5个区块, 18条转账记录, 3个唯一地址
🔎 获取从区块 8 到 12 的 Transfer 事件...
✅ 获取到 5 个 Transfer 事件
✅ 已更新区块数据（共 5 个）
📊 已更新转账记录
✅ [2025/5/15 18:41:22] 第 143 次区块扫描完成 (耗时: 0.01秒)
📊 扫描后状态: 5个区块, 18条转账记录, 3个唯一地址
📈 新增: 0个区块, 0条转账记录
📋 当前区块: 0, 1, 2, 3, 4

🔄 [2025/5/15 18:41:27] 第 144 次区块扫描开始...
📊 扫描前状态: 5个区块, 18条转账记录, 3个唯一地址
🔎 获取从区块 8 到 12 的 Transfer 事件...
✅ 获取到 5 个 Transfer 事件
✅ 已更新区块数据（共 5 个）
📊 已更新转账记录
✅ [2025/5/15 18:41:27] 第 144 次区块扫描完成 (耗时: 0.01秒)
📊 扫描后状态: 5个区块, 18条转账记录, 3个唯一地址
📈 新增: 0个区块, 0条转账记录
📋 当前区块: 0, 1, 2, 3, 4

🔄 [2025/5/15 18:41:32] 第 145 次区块扫描开始...
📊 扫描前状态: 5个区块, 18条转账记录, 3个唯一地址
🔎 获取从区块 8 到 12 的 Transfer 事件...
✅ 获取到 5 个 Transfer 事件
✅ 已更新区块数据（共 5 个）
📊 已更新转账记录
✅ [2025/5/15 18:41:32] 第 145 次区块扫描完成 (耗时: 0.01秒)
📊 扫描后状态: 5个区块, 18条转账记录, 3个唯一地址
📈 新增: 0个区块, 0条转账记录
📋 当前区块: 0, 1, 2, 3, 4

🔄 [2025/5/15 18:41:37] 第 146 次区块扫描开始...
📊 扫描前状态: 5个区块, 18条转账记录, 3个唯一地址
🔎 获取从区块 8 到 12 的 Transfer 事件...
✅ 获取到 5 个 Transfer 事件
✅ 已更新区块数据（共 5 个）
📊 已更新转账记录
✅ [2025/5/15 18:41:37] 第 146 次区块扫描完成 (耗时: 0.01秒)
📊 扫描后状态: 5个区块, 18条转账记录, 3个唯一地址
📈 新增: 0个区块, 0条转账记录
📋 当前区块: 0, 1, 2, 3, 4

🔄 [2025/5/15 18:41:42] 第 147 次区块扫描开始...
📊 扫描前状态: 5个区块, 18条转账记录, 3个唯一地址
🔎 获取从区块 11 到 15 的 Transfer 事件...
✅ 获取到 5 个 Transfer 事件
✅ 已更新区块数据（共 5 个）
📊 已更新转账记录
✅ [2025/5/15 18:41:42] 第 147 次区块扫描完成 (耗时: 0.01秒)
📊 扫描后状态: 5个区块, 24条转账记录, 4个唯一地址
📈 新增: 0个区块, 6条转账记录
📋 当前区块: 0, 1, 2, 3, 4

🔄 [2025/5/15 18:41:47] 第 148 次区块扫描开始...
📊 扫描前状态: 5个区块, 24条转账记录, 4个唯一地址
🔎 获取从区块 11 到 15 的 Transfer 事件...
✅ 获取到 5 个 Transfer 事件
✅ 已更新区块数据（共 5 个）
📊 已更新转账记录
✅ [2025/5/15 18:41:47] 第 148 次区块扫描完成 (耗时: 0.01秒)
📊 扫描后状态: 5个区块, 24条转账记录, 4个唯一地址
📈 新增: 0个区块, 0条转账记录
📋 当前区块: 0, 1, 2, 3, 4

🔄 [2025/5/15 18:41:52] 第 149 次区块扫描开始...
📊 扫描前状态: 5个区块, 24条转账记录, 4个唯一地址
🔎 获取从区块 11 到 15 的 Transfer 事件...
✅ 获取到 5 个 Transfer 事件
✅ 已更新区块数据（共 5 个）
📊 已更新转账记录
✅ [2025/5/15 18:41:52] 第 149 次区块扫描完成 (耗时: 0.01秒)
📊 扫描后状态: 5个区块, 24条转账记录, 4个唯一地址
📈 新增: 0个区块, 0条转账记录
📋 当前区块: 0, 1, 2, 3, 4

🔄 [2025/5/15 18:41:57] 第 150 次区块扫描开始...
📊 扫描前状态: 5个区块, 24条转账记录, 4个唯一地址
🔎 获取从区块 11 到 15 的 Transfer 事件...
✅ 获取到 5 个 Transfer 事件
✅ 已更新区块数据（共 5 个）
📊 已更新转账记录
✅ [2025/5/15 18:41:57] 第 150 次区块扫描完成 (耗时: 0.01秒)
📊 扫描后状态: 5个区块, 24条转账记录, 4个唯一地址
📈 新增: 0个区块, 0条转账记录
📋 当前区块: 0, 1, 2, 3, 4

🔄 [2025/5/15 18:42:02] 第 151 次区块扫描开始...
📊 扫描前状态: 5个区块, 24条转账记录, 4个唯一地址
🔎 获取从区块 11 到 15 的 Transfer 事件...
✅ 获取到 5 个 Transfer 事件
✅ 已更新区块数据（共 5 个）
📊 已更新转账记录
✅ [2025/5/15 18:42:02] 第 151 次区块扫描完成 (耗时: 0.01秒)
📊 扫描后状态: 5个区块, 24条转账记录, 4个唯一地址
📈 新增: 0个区块, 0条转账记录
📋 当前区块: 0, 1, 2, 3, 4

🔄 [2025/5/15 18:42:07] 第 152 次区块扫描开始...
📊 扫描前状态: 5个区块, 24条转账记录, 4个唯一地址
🔎 获取从区块 11 到 15 的 Transfer 事件...
✅ 获取到 5 个 Transfer 事件
✅ 已更新区块数据（共 5 个）
📊 已更新转账记录
✅ [2025/5/15 18:42:07] 第 152 次区块扫描完成 (耗时: 0.01秒)
📊 扫描后状态: 5个区块, 24条转账记录, 4个唯一地址
📈 新增: 0个区块, 0条转账记录
📋 当前区块: 0, 1, 2, 3, 4

🔄 [2025/5/15 18:42:12] 第 153 次区块扫描开始...
📊 扫描前状态: 5个区块, 24条转账记录, 4个唯一地址
🔎 获取从区块 11 到 15 的 Transfer 事件...
✅ 获取到 5 个 Transfer 事件
✅ 已更新区块数据（共 5 个）
📊 已更新转账记录
✅ [2025/5/15 18:42:12] 第 153 次区块扫描完成 (耗时: 0.01秒)
📊 扫描后状态: 5个区块, 24条转账记录, 4个唯一地址
📈 新增: 0个区块, 0条转账记录
📋 当前区块: 0, 1, 2, 3, 4

🔄 [2025/5/15 18:42:17] 第 154 次区块扫描开始...
📊 扫描前状态: 5个区块, 24条转账记录, 4个唯一地址
🔎 获取从区块 11 到 15 的 Transfer 事件...
✅ 获取到 5 个 Transfer 事件
✅ 已更新区块数据（共 5 个）
📊 已更新转账记录
✅ [2025/5/15 18:42:17] 第 154 次区块扫描完成 (耗时: 0.01秒)
📊 扫描后状态: 5个区块, 24条转账记录, 4个唯一地址
📈 新增: 0个区块, 0条转账记录
📋 当前区块: 0, 1, 2, 3, 4

🔄 [2025/5/15 18:42:22] 第 155 次区块扫描开始...
📊 扫描前状态: 5个区块, 24条转账记录, 4个唯一地址
🔎 获取从区块 11 到 15 的 Transfer 事件...
✅ 获取到 5 个 Transfer 事件
✅ 已更新区块数据（共 5 个）
📊 已更新转账记录
✅ [2025/5/15 18:42:22] 第 155 次区块扫描完成 (耗时: 0.01秒)
📊 扫描后状态: 5个区块, 24条转账记录, 4个唯一地址
📈 新增: 0个区块, 0条转账记录
📋 当前区块: 0, 1, 2, 3, 4

🔄 [2025/5/15 18:42:27] 第 156 次区块扫描开始...
📊 扫描前状态: 5个区块, 24条转账记录, 4个唯一地址
🔎 获取从区块 11 到 15 的 Transfer 事件...
✅ 获取到 5 个 Transfer 事件
✅ 已更新区块数据（共 5 个）
📊 已更新转账记录
✅ [2025/5/15 18:42:27] 第 156 次区块扫描完成 (耗时: 0.01秒)
📊 扫描后状态: 5个区块, 24条转账记录, 4个唯一地址
📈 新增: 0个区块, 0条转账记录
📋 当前区块: 0, 1, 2, 3, 4

🔄 [2025/5/15 18:42:32] 第 157 次区块扫描开始...
📊 扫描前状态: 5个区块, 24条转账记录, 4个唯一地址
🔎 获取从区块 11 到 15 的 Transfer 事件...
✅ 获取到 5 个 Transfer 事件
✅ 已更新区块数据（共 5 个）
📊 已更新转账记录
✅ [2025/5/15 18:42:32] 第 157 次区块扫描完成 (耗时: 0.01秒)
📊 扫描后状态: 5个区块, 24条转账记录, 4个唯一地址
📈 新增: 0个区块, 0条转账记录
📋 当前区块: 0, 1, 2, 3, 4

🔄 [2025/5/15 18:42:37] 第 158 次区块扫描开始...
📊 扫描前状态: 5个区块, 24条转账记录, 4个唯一地址
🔎 获取从区块 11 到 15 的 Transfer 事件...
✅ 获取到 5 个 Transfer 事件
✅ 已更新区块数据（共 5 个）
📊 已更新转账记录
✅ [2025/5/15 18:42:37] 第 158 次区块扫描完成 (耗时: 0.02秒)
📊 扫描后状态: 5个区块, 24条转账记录, 4个唯一地址
📈 新增: 0个区块, 0条转账记录
📋 当前区块: 0, 1, 2, 3, 4

🔄 [2025/5/15 18:42:42] 第 159 次区块扫描开始...
📊 扫描前状态: 5个区块, 24条转账记录, 4个唯一地址
🔎 获取从区块 11 到 15 的 Transfer 事件...
✅ 获取到 5 个 Transfer 事件
✅ 已更新区块数据（共 5 个）
📊 已更新转账记录
✅ [2025/5/15 18:42:42] 第 159 次区块扫描完成 (耗时: 0.01秒)
📊 扫描后状态: 5个区块, 24条转账记录, 4个唯一地址
📈 新增: 0个区块, 0条转账记录
📋 当前区块: 0, 1, 2, 3, 4

🔄 [2025/5/15 18:42:47] 第 160 次区块扫描开始...
📊 扫描前状态: 5个区块, 24条转账记录, 4个唯一地址
🔎 获取从区块 11 到 15 的 Transfer 事件...
✅ 获取到 5 个 Transfer 事件
✅ 已更新区块数据（共 5 个）
📊 已更新转账记录
✅ [2025/5/15 18:42:47] 第 160 次区块扫描完成 (耗时: 0.01秒)
📊 扫描后状态: 5个区块, 24条转账记录, 4个唯一地址
📈 新增: 0个区块, 0条转账记录
📋 当前区块: 0, 1, 2, 3, 4

🔄 [2025/5/15 18:42:52] 第 161 次区块扫描开始...
📊 扫描前状态: 5个区块, 24条转账记录, 4个唯一地址
🔎 获取从区块 11 到 15 的 Transfer 事件...
✅ 获取到 5 个 Transfer 事件
✅ 已更新区块数据（共 5 个）
📊 已更新转账记录
✅ [2025/5/15 18:42:52] 第 161 次区块扫描完成 (耗时: 0.01秒)
📊 扫描后状态: 5个区块, 24条转账记录, 4个唯一地址
📈 新增: 0个区块, 0条转账记录
📋 当前区块: 0, 1, 2, 3, 4

🔄 [2025/5/15 18:42:57] 第 162 次区块扫描开始...
📊 扫描前状态: 5个区块, 24条转账记录, 4个唯一地址
🔎 获取从区块 11 到 15 的 Transfer 事件...
✅ 获取到 5 个 Transfer 事件
✅ 已更新区块数据（共 5 个）
📊 已更新转账记录
✅ [2025/5/15 18:42:57] 第 162 次区块扫描完成 (耗时: 0.01秒)
📊 扫描后状态: 5个区块, 24条转账记录, 4个唯一地址
📈 新增: 0个区块, 0条转账记录
📋 当前区块: 0, 1, 2, 3, 4

🔄 [2025/5/15 18:43:02] 第 163 次区块扫描开始...
📊 扫描前状态: 5个区块, 24条转账记录, 4个唯一地址
🔎 获取从区块 11 到 15 的 Transfer 事件...
✅ 获取到 5 个 Transfer 事件
✅ 已更新区块数据（共 5 个）
📊 已更新转账记录
✅ [2025/5/15 18:43:02] 第 163 次区块扫描完成 (耗时: 0.01秒)
📊 扫描后状态: 5个区块, 24条转账记录, 4个唯一地址
📈 新增: 0个区块, 0条转账记录
📋 当前区块: 0, 1, 2, 3, 4

🔄 [2025/5/15 18:43:07] 第 164 次区块扫描开始...
📊 扫描前状态: 5个区块, 24条转账记录, 4个唯一地址
🔎 获取从区块 11 到 15 的 Transfer 事件...
✅ 获取到 5 个 Transfer 事件
✅ 已更新区块数据（共 5 个）
📊 已更新转账记录
✅ [2025/5/15 18:43:07] 第 164 次区块扫描完成 (耗时: 0.01秒)
📊 扫描后状态: 5个区块, 24条转账记录, 4个唯一地址
📈 新增: 0个区块, 0条转账记录
📋 当前区块: 0, 1, 2, 3, 4

🔄 [2025/5/15 18:43:12] 第 165 次区块扫描开始...
📊 扫描前状态: 5个区块, 24条转账记录, 4个唯一地址
🔎 获取从区块 11 到 15 的 Transfer 事件...
✅ 获取到 5 个 Transfer 事件
✅ 已更新区块数据（共 5 个）
📊 已更新转账记录
✅ [2025/5/15 18:43:12] 第 165 次区块扫描完成 (耗时: 0.01秒)
📊 扫描后状态: 5个区块, 24条转账记录, 4个唯一地址
📈 新增: 0个区块, 0条转账记录
📋 当前区块: 0, 1, 2, 3, 4

🔄 [2025/5/15 18:43:17] 第 166 次区块扫描开始...
📊 扫描前状态: 5个区块, 24条转账记录, 4个唯一地址
🔎 获取从区块 11 到 15 的 Transfer 事件...
✅ 获取到 5 个 Transfer 事件
✅ 已更新区块数据（共 5 个）
📊 已更新转账记录
✅ [2025/5/15 18:43:17] 第 166 次区块扫描完成 (耗时: 0.01秒)
📊 扫描后状态: 5个区块, 24条转账记录, 4个唯一地址
📈 新增: 0个区块, 0条转账记录
📋 当前区块: 0, 1, 2, 3, 4

🔄 [2025/5/15 18:43:22] 第 167 次区块扫描开始...
📊 扫描前状态: 5个区块, 24条转账记录, 4个唯一地址
🔎 获取从区块 11 到 15 的 Transfer 事件...
✅ 获取到 5 个 Transfer 事件
✅ 已更新区块数据（共 5 个）
📊 已更新转账记录
✅ [2025/5/15 18:43:22] 第 167 次区块扫描完成 (耗时: 0.01秒)
📊 扫描后状态: 5个区块, 24条转账记录, 4个唯一地址
📈 新增: 0个区块, 0条转账记录
📋 当前区块: 0, 1, 2, 3, 4

🔄 [2025/5/15 18:43:27] 第 168 次区块扫描开始...
📊 扫描前状态: 5个区块, 24条转账记录, 4个唯一地址
🔎 获取从区块 11 到 15 的 Transfer 事件...
✅ 获取到 5 个 Transfer 事件
✅ 已更新区块数据（共 5 个）
📊 已更新转账记录
✅ [2025/5/15 18:43:27] 第 168 次区块扫描完成 (耗时: 0.01秒)
📊 扫描后状态: 5个区块, 24条转账记录, 4个唯一地址
📈 新增: 0个区块, 0条转账记录
📋 当前区块: 0, 1, 2, 3, 4

🔄 [2025/5/15 18:43:32] 第 169 次区块扫描开始...
📊 扫描前状态: 5个区块, 24条转账记录, 4个唯一地址
🔎 获取从区块 11 到 15 的 Transfer 事件...
✅ 获取到 5 个 Transfer 事件
✅ 已更新区块数据（共 5 个）
📊 已更新转账记录
✅ [2025/5/15 18:43:32] 第 169 次区块扫描完成 (耗时: 0.01秒)
📊 扫描后状态: 5个区块, 24条转账记录, 4个唯一地址
📈 新增: 0个区块, 0条转账记录
📋 当前区块: 0, 1, 2, 3, 4

🔄 [2025/5/15 18:43:37] 第 170 次区块扫描开始...
📊 扫描前状态: 5个区块, 24条转账记录, 4个唯一地址
🔎 获取从区块 11 到 15 的 Transfer 事件...
✅ 获取到 5 个 Transfer 事件
✅ 已更新区块数据（共 5 个）
📊 已更新转账记录
✅ [2025/5/15 18:43:37] 第 170 次区块扫描完成 (耗时: 0.01秒)
📊 扫描后状态: 5个区块, 24条转账记录, 4个唯一地址
📈 新增: 0个区块, 0条转账记录
📋 当前区块: 0, 1, 2, 3, 4

🔄 [2025/5/15 18:43:42] 第 171 次区块扫描开始...
📊 扫描前状态: 5个区块, 24条转账记录, 4个唯一地址
🔎 获取从区块 11 到 15 的 Transfer 事件...
✅ 获取到 5 个 Transfer 事件
✅ 已更新区块数据（共 5 个）
📊 已更新转账记录
✅ [2025/5/15 18:43:42] 第 171 次区块扫描完成 (耗时: 0.01秒)
📊 扫描后状态: 5个区块, 24条转账记录, 4个唯一地址
📈 新增: 0个区块, 0条转账记录
📋 当前区块: 0, 1, 2, 3, 4

🔄 [2025/5/15 18:43:47] 第 172 次区块扫描开始...
📊 扫描前状态: 5个区块, 24条转账记录, 4个唯一地址
🔎 获取从区块 11 到 15 的 Transfer 事件...
✅ 获取到 5 个 Transfer 事件
✅ 已更新区块数据（共 5 个）
📊 已更新转账记录
✅ [2025/5/15 18:43:47] 第 172 次区块扫描完成 (耗时: 0.01秒)
📊 扫描后状态: 5个区块, 24条转账记录, 4个唯一地址
📈 新增: 0个区块, 0条转账记录
📋 当前区块: 0, 1, 2, 3, 4

🔄 [2025/5/15 18:43:52] 第 173 次区块扫描开始...
📊 扫描前状态: 5个区块, 24条转账记录, 4个唯一地址
🔎 获取从区块 11 到 15 的 Transfer 事件...
✅ 获取到 5 个 Transfer 事件
✅ 已更新区块数据（共 5 个）
📊 已更新转账记录
✅ [2025/5/15 18:43:52] 第 173 次区块扫描完成 (耗时: 0.01秒)
📊 扫描后状态: 5个区块, 24条转账记录, 4个唯一地址
📈 新增: 0个区块, 0条转账记录
📋 当前区块: 0, 1, 2, 3, 4

🔄 [2025/5/15 18:43:57] 第 174 次区块扫描开始...
📊 扫描前状态: 5个区块, 24条转账记录, 4个唯一地址
🔎 获取从区块 11 到 15 的 Transfer 事件...
✅ 获取到 5 个 Transfer 事件
✅ 已更新区块数据（共 5 个）
📊 已更新转账记录
✅ [2025/5/15 18:43:57] 第 174 次区块扫描完成 (耗时: 0.01秒)
📊 扫描后状态: 5个区块, 24条转账记录, 4个唯一地址
📈 新增: 0个区块, 0条转账记录
📋 当前区块: 0, 1, 2, 3, 4

🔄 [2025/5/15 18:44:02] 第 175 次区块扫描开始...
📊 扫描前状态: 5个区块, 24条转账记录, 4个唯一地址
🔎 获取从区块 11 到 15 的 Transfer 事件...
✅ 获取到 5 个 Transfer 事件
✅ 已更新区块数据（共 5 个）
📊 已更新转账记录
✅ [2025/5/15 18:44:02] 第 175 次区块扫描完成 (耗时: 0.01秒)
📊 扫描后状态: 5个区块, 24条转账记录, 4个唯一地址
📈 新增: 0个区块, 0条转账记录
📋 当前区块: 0, 1, 2, 3, 4

🔄 [2025/5/15 18:44:07] 第 176 次区块扫描开始...
📊 扫描前状态: 5个区块, 24条转账记录, 4个唯一地址
🔎 获取从区块 11 到 15 的 Transfer 事件...
✅ 获取到 5 个 Transfer 事件
✅ 已更新区块数据（共 5 个）
📊 已更新转账记录
✅ [2025/5/15 18:44:07] 第 176 次区块扫描完成 (耗时: 0.01秒)
📊 扫描后状态: 5个区块, 24条转账记录, 4个唯一地址
📈 新增: 0个区块, 0条转账记录
📋 当前区块: 0, 1, 2, 3, 4

🔄 [2025/5/15 18:44:12] 第 177 次区块扫描开始...
📊 扫描前状态: 5个区块, 24条转账记录, 4个唯一地址
🔎 获取从区块 11 到 15 的 Transfer 事件...
✅ 获取到 5 个 Transfer 事件
✅ 已更新区块数据（共 5 个）
📊 已更新转账记录
✅ [2025/5/15 18:44:12] 第 177 次区块扫描完成 (耗时: 0.01秒)
📊 扫描后状态: 5个区块, 24条转账记录, 4个唯一地址
📈 新增: 0个区块, 0条转账记录
📋 当前区块: 0, 1, 2, 3, 4

🔄 [2025/5/15 18:44:17] 第 178 次区块扫描开始...
📊 扫描前状态: 5个区块, 24条转账记录, 4个唯一地址
🔎 获取从区块 11 到 15 的 Transfer 事件...
✅ 获取到 5 个 Transfer 事件
✅ 已更新区块数据（共 5 个）
📊 已更新转账记录
✅ [2025/5/15 18:44:17] 第 178 次区块扫描完成 (耗时: 0.01秒)
📊 扫描后状态: 5个区块, 24条转账记录, 4个唯一地址
📈 新增: 0个区块, 0条转账记录
📋 当前区块: 0, 1, 2, 3, 4

🔄 [2025/5/15 18:44:22] 第 179 次区块扫描开始...
📊 扫描前状态: 5个区块, 24条转账记录, 4个唯一地址
🔎 获取从区块 11 到 15 的 Transfer 事件...
✅ 获取到 5 个 Transfer 事件
✅ 已更新区块数据（共 5 个）
📊 已更新转账记录
✅ [2025/5/15 18:44:22] 第 179 次区块扫描完成 (耗时: 0.01秒)
📊 扫描后状态: 5个区块, 24条转账记录, 4个唯一地址
📈 新增: 0个区块, 0条转账记录
📋 当前区块: 0, 1, 2, 3, 4

🔄 [2025/5/15 18:44:27] 第 180 次区块扫描开始...
📊 扫描前状态: 5个区块, 24条转账记录, 4个唯一地址
🔎 获取从区块 11 到 15 的 Transfer 事件...
✅ 获取到 5 个 Transfer 事件
✅ 已更新区块数据（共 5 个）
📊 已更新转账记录
✅ [2025/5/15 18:44:27] 第 180 次区块扫描完成 (耗时: 0.01秒)
📊 扫描后状态: 5个区块, 24条转账记录, 4个唯一地址
📈 新增: 0个区块, 0条转账记录
📋 当前区块: 0, 1, 2, 3, 4

🔄 [2025/5/15 18:44:32] 第 181 次区块扫描开始...
📊 扫描前状态: 5个区块, 24条转账记录, 4个唯一地址
🔎 获取从区块 11 到 15 的 Transfer 事件...
✅ 获取到 5 个 Transfer 事件
✅ 已更新区块数据（共 5 个）
📊 已更新转账记录
✅ [2025/5/15 18:44:32] 第 181 次区块扫描完成 (耗时: 0.01秒)
📊 扫描后状态: 5个区块, 24条转账记录, 4个唯一地址
📈 新增: 0个区块, 0条转账记录
📋 当前区块: 0, 1, 2, 3, 4

🔄 [2025/5/15 18:44:37] 第 182 次区块扫描开始...
📊 扫描前状态: 5个区块, 24条转账记录, 4个唯一地址
🔎 获取从区块 11 到 15 的 Transfer 事件...
✅ 获取到 5 个 Transfer 事件
✅ 已更新区块数据（共 5 个）
📊 已更新转账记录
✅ [2025/5/15 18:44:37] 第 182 次区块扫描完成 (耗时: 0.01秒)
📊 扫描后状态: 5个区块, 24条转账记录, 4个唯一地址
📈 新增: 0个区块, 0条转账记录
📋 当前区块: 0, 1, 2, 3, 4

🔄 [2025/5/15 18:44:42] 第 183 次区块扫描开始...
📊 扫描前状态: 5个区块, 24条转账记录, 4个唯一地址
🔎 获取从区块 11 到 15 的 Transfer 事件...
✅ 获取到 5 个 Transfer 事件
✅ 已更新区块数据（共 5 个）
📊 已更新转账记录
✅ [2025/5/15 18:44:42] 第 183 次区块扫描完成 (耗时: 0.01秒)
📊 扫描后状态: 5个区块, 24条转账记录, 4个唯一地址
📈 新增: 0个区块, 0条转账记录
📋 当前区块: 0, 1, 2, 3, 4

🔄 [2025/5/15 18:44:47] 第 184 次区块扫描开始...
📊 扫描前状态: 5个区块, 24条转账记录, 4个唯一地址
🔎 获取从区块 11 到 15 的 Transfer 事件...
✅ 获取到 5 个 Transfer 事件
✅ 已更新区块数据（共 5 个）
📊 已更新转账记录
✅ [2025/5/15 18:44:47] 第 184 次区块扫描完成 (耗时: 0.01秒)
📊 扫描后状态: 5个区块, 24条转账记录, 4个唯一地址
📈 新增: 0个区块, 0条转账记录
📋 当前区块: 0, 1, 2, 3, 4

🔄 [2025/5/15 18:44:52] 第 185 次区块扫描开始...
📊 扫描前状态: 5个区块, 24条转账记录, 4个唯一地址
🔎 获取从区块 11 到 15 的 Transfer 事件...
✅ 获取到 5 个 Transfer 事件
✅ 已更新区块数据（共 5 个）
📊 已更新转账记录
✅ [2025/5/15 18:44:52] 第 185 次区块扫描完成 (耗时: 0.01秒)
📊 扫描后状态: 5个区块, 24条转账记录, 4个唯一地址
📈 新增: 0个区块, 0条转账记录
📋 当前区块: 0, 1, 2, 3, 4

🔄 [2025/5/15 18:44:57] 第 186 次区块扫描开始...
📊 扫描前状态: 5个区块, 24条转账记录, 4个唯一地址
🔎 获取从区块 11 到 15 的 Transfer 事件...
✅ 获取到 5 个 Transfer 事件
✅ 已更新区块数据（共 5 个）
📊 已更新转账记录
✅ [2025/5/15 18:44:57] 第 186 次区块扫描完成 (耗时: 0.01秒)
📊 扫描后状态: 5个区块, 24条转账记录, 4个唯一地址
📈 新增: 0个区块, 0条转账记录
📋 当前区块: 0, 1, 2, 3, 4

🔄 [2025/5/15 18:45:02] 第 187 次区块扫描开始...
📊 扫描前状态: 5个区块, 24条转账记录, 4个唯一地址
🔎 获取从区块 11 到 15 的 Transfer 事件...
✅ 获取到 5 个 Transfer 事件
✅ 已更新区块数据（共 5 个）
📊 已更新转账记录
✅ [2025/5/15 18:45:02] 第 187 次区块扫描完成 (耗时: 0.01秒)
📊 扫描后状态: 5个区块, 24条转账记录, 4个唯一地址
📈 新增: 0个区块, 0条转账记录
📋 当前区块: 0, 1, 2, 3, 4
📝 [2025/5/15 18:45:03] GET /blocks
🔍 获取所有区块 - 返回 5 个区块
📝 [2025/5/15 18:45:06] GET /stats
📊 获取数据库统计信息

🔄 [2025/5/15 18:45:07] 第 188 次区块扫描开始...
📊 扫描前状态: 5个区块, 24条转账记录, 4个唯一地址
🔎 获取从区块 11 到 15 的 Transfer 事件...
✅ 获取到 5 个 Transfer 事件
✅ 已更新区块数据（共 5 个）
📊 已更新转账记录
✅ [2025/5/15 18:45:07] 第 188 次区块扫描完成 (耗时: 0.01秒)
📊 扫描后状态: 5个区块, 24条转账记录, 4个唯一地址
📈 新增: 0个区块, 0条转账记录
📋 当前区块: 0, 1, 2, 3, 4

🔄 [2025/5/15 18:45:12] 第 189 次区块扫描开始...
📊 扫描前状态: 5个区块, 24条转账记录, 4个唯一地址
🔎 获取从区块 11 到 15 的 Transfer 事件...
✅ 获取到 5 个 Transfer 事件
✅ 已更新区块数据（共 5 个）
📊 已更新转账记录
✅ [2025/5/15 18:45:12] 第 189 次区块扫描完成 (耗时: 0.01秒)
📊 扫描后状态: 5个区块, 24条转账记录, 4个唯一地址
📈 新增: 0个区块, 0条转账记录
📋 当前区块: 0, 1, 2, 3, 4

🔄 [2025/5/15 18:45:17] 第 190 次区块扫描开始...
📊 扫描前状态: 5个区块, 24条转账记录, 4个唯一地址
🔎 获取从区块 11 到 15 的 Transfer 事件...
✅ 获取到 5 个 Transfer 事件
✅ 已更新区块数据（共 5 个）
📊 已更新转账记录
✅ [2025/5/15 18:45:17] 第 190 次区块扫描完成 (耗时: 0.01秒)
📊 扫描后状态: 5个区块, 24条转账记录, 4个唯一地址
📈 新增: 0个区块, 0条转账记录
📋 当前区块: 0, 1, 2, 3, 4

🔄 [2025/5/15 18:45:22] 第 191 次区块扫描开始...
📊 扫描前状态: 5个区块, 24条转账记录, 4个唯一地址
🔎 获取从区块 13 到 17 的 Transfer 事件...
✅ 获取到 5 个 Transfer 事件
✅ 已更新区块数据（共 5 个）
📊 已更新转账记录
✅ [2025/5/15 18:45:22] 第 191 次区块扫描完成 (耗时: 0.02秒)
📊 扫描后状态: 5个区块, 28条转账记录, 4个唯一地址
📈 新增: 0个区块, 4条转账记录
📋 当前区块: 0, 1, 2, 3, 4
📝 [2025/5/15 18:45:24] GET /stats
📊 获取数据库统计信息
📝 [2025/5/15 18:45:24] GET /transfers?limit=20
🔍 获取所有转账记录 - 找到 14 条，返回 14 条

🔄 [2025/5/15 18:45:27] 第 192 次区块扫描开始...
📊 扫描前状态: 5个区块, 28条转账记录, 4个唯一地址
🔎 获取从区块 13 到 17 的 Transfer 事件...
✅ 获取到 5 个 Transfer 事件
✅ 已更新区块数据（共 5 个）
📊 已更新转账记录
✅ [2025/5/15 18:45:27] 第 192 次区块扫描完成 (耗时: 0.01秒)
📊 扫描后状态: 5个区块, 28条转账记录, 4个唯一地址
📈 新增: 0个区块, 0条转账记录
📋 当前区块: 0, 1, 2, 3, 4
📝 [2025/5/15 18:45:29] GET /blocks
🔍 获取所有区块 - 返回 5 个区块

🔄 [2025/5/15 18:45:32] 第 193 次区块扫描开始...
📊 扫描前状态: 5个区块, 28条转账记录, 4个唯一地址
🔎 获取从区块 13 到 17 的 Transfer 事件...
✅ 获取到 5 个 Transfer 事件
✅ 已更新区块数据（共 5 个）
📊 已更新转账记录
✅ [2025/5/15 18:45:32] 第 193 次区块扫描完成 (耗时: 0.01秒)
📊 扫描后状态: 5个区块, 28条转账记录, 4个唯一地址
📈 新增: 0个区块, 0条转账记录
📋 当前区块: 0, 1, 2, 3, 4

🔄 [2025/5/15 18:45:37] 第 194 次区块扫描开始...
📊 扫描前状态: 5个区块, 28条转账记录, 4个唯一地址
🔎 获取从区块 13 到 17 的 Transfer 事件...
✅ 获取到 5 个 Transfer 事件
✅ 已更新区块数据（共 5 个）
📊 已更新转账记录
✅ [2025/5/15 18:45:37] 第 194 次区块扫描完成 (耗时: 0.02秒)
📊 扫描后状态: 5个区块, 28条转账记录, 4个唯一地址
📈 新增: 0个区块, 0条转账记录
📋 当前区块: 0, 1, 2, 3, 4

🔄 [2025/5/15 18:45:42] 第 195 次区块扫描开始...
📊 扫描前状态: 5个区块, 28条转账记录, 4个唯一地址
🔎 获取从区块 13 到 17 的 Transfer 事件...
✅ 获取到 5 个 Transfer 事件
✅ 已更新区块数据（共 5 个）
📊 已更新转账记录
✅ [2025/5/15 18:45:42] 第 195 次区块扫描完成 (耗时: 0.01秒)
📊 扫描后状态: 5个区块, 28条转账记录, 4个唯一地址
📈 新增: 0个区块, 0条转账记录
📋 当前区块: 0, 1, 2, 3, 4

🔄 [2025/5/15 18:45:47] 第 196 次区块扫描开始...
📊 扫描前状态: 5个区块, 28条转账记录, 4个唯一地址
🔎 获取从区块 13 到 17 的 Transfer 事件...
✅ 获取到 5 个 Transfer 事件
✅ 已更新区块数据（共 5 个）
📊 已更新转账记录
✅ [2025/5/15 18:45:47] 第 196 次区块扫描完成 (耗时: 0.01秒)
📊 扫描后状态: 5个区块, 28条转账记录, 4个唯一地址
📈 新增: 0个区块, 0条转账记录
📋 当前区块: 0, 1, 2, 3, 4

🔄 [2025/5/15 18:45:52] 第 197 次区块扫描开始...
📊 扫描前状态: 5个区块, 28条转账记录, 4个唯一地址
🔎 获取从区块 13 到 17 的 Transfer 事件...
✅ 获取到 5 个 Transfer 事件
✅ 已更新区块数据（共 5 个）
📊 已更新转账记录
✅ [2025/5/15 18:45:52] 第 197 次区块扫描完成 (耗时: 0.02秒)
📊 扫描后状态: 5个区块, 28条转账记录, 4个唯一地址
📈 新增: 0个区块, 0条转账记录
📋 当前区块: 0, 1, 2, 3, 4

🔄 [2025/5/15 18:45:57] 第 198 次区块扫描开始...
📊 扫描前状态: 5个区块, 28条转账记录, 4个唯一地址
🔎 获取从区块 13 到 17 的 Transfer 事件...
✅ 获取到 5 个 Transfer 事件
✅ 已更新区块数据（共 5 个）
📊 已更新转账记录
✅ [2025/5/15 18:45:57] 第 198 次区块扫描完成 (耗时: 0.01秒)
📊 扫描后状态: 5个区块, 28条转账记录, 4个唯一地址
📈 新增: 0个区块, 0条转账记录
📋 当前区块: 0, 1, 2, 3, 4

🔄 [2025/5/15 18:46:02] 第 199 次区块扫描开始...
📊 扫描前状态: 5个区块, 28条转账记录, 4个唯一地址
🔎 获取从区块 13 到 17 的 Transfer 事件...
✅ 获取到 5 个 Transfer 事件
✅ 已更新区块数据（共 5 个）
📊 已更新转账记录
✅ [2025/5/15 18:46:02] 第 199 次区块扫描完成 (耗时: 0.01秒)
📊 扫描后状态: 5个区块, 28条转账记录, 4个唯一地址
📈 新增: 0个区块, 0条转账记录
📋 当前区块: 0, 1, 2, 3, 4

🔄 [2025/5/15 18:46:07] 第 200 次区块扫描开始...
📊 扫描前状态: 5个区块, 28条转账记录, 4个唯一地址
🔎 获取从区块 13 到 17 的 Transfer 事件...
✅ 获取到 5 个 Transfer 事件
✅ 已更新区块数据（共 5 个）
📊 已更新转账记录
✅ [2025/5/15 18:46:07] 第 200 次区块扫描完成 (耗时: 0.01秒)
📊 扫描后状态: 5个区块, 28条转账记录, 4个唯一地址
📈 新增: 0个区块, 0条转账记录
📋 当前区块: 0, 1, 2, 3, 4

🔄 [2025/5/15 18:46:12] 第 201 次区块扫描开始...
📊 扫描前状态: 5个区块, 28条转账记录, 4个唯一地址
🔎 获取从区块 13 到 17 的 Transfer 事件...
✅ 获取到 5 个 Transfer 事件
✅ 已更新区块数据（共 5 个）
📊 已更新转账记录
✅ [2025/5/15 18:46:12] 第 201 次区块扫描完成 (耗时: 0.01秒)
📊 扫描后状态: 5个区块, 28条转账记录, 4个唯一地址
📈 新增: 0个区块, 0条转账记录
📋 当前区块: 0, 1, 2, 3, 4

🔄 [2025/5/15 18:46:17] 第 202 次区块扫描开始...
📊 扫描前状态: 5个区块, 28条转账记录, 4个唯一地址
🔎 获取从区块 13 到 17 的 Transfer 事件...
✅ 获取到 5 个 Transfer 事件
✅ 已更新区块数据（共 5 个）
📊 已更新转账记录
✅ [2025/5/15 18:46:17] 第 202 次区块扫描完成 (耗时: 0.01秒)
📊 扫描后状态: 5个区块, 28条转账记录, 4个唯一地址
📈 新增: 0个区块, 0条转账记录
📋 当前区块: 0, 1, 2, 3, 4

🔄 [2025/5/15 18:46:22] 第 203 次区块扫描开始...
📊 扫描前状态: 5个区块, 28条转账记录, 4个唯一地址
🔎 获取从区块 13 到 17 的 Transfer 事件...
✅ 获取到 5 个 Transfer 事件
✅ 已更新区块数据（共 5 个）
📊 已更新转账记录
✅ [2025/5/15 18:46:22] 第 203 次区块扫描完成 (耗时: 0.01秒)
📊 扫描后状态: 5个区块, 28条转账记录, 4个唯一地址
📈 新增: 0个区块, 0条转账记录
📋 当前区块: 0, 1, 2, 3, 4

🔄 [2025/5/15 18:46:27] 第 204 次区块扫描开始...
📊 扫描前状态: 5个区块, 28条转账记录, 4个唯一地址
🔎 获取从区块 13 到 17 的 Transfer 事件...
✅ 获取到 5 个 Transfer 事件
✅ 已更新区块数据（共 5 个）
📊 已更新转账记录
✅ [2025/5/15 18:46:27] 第 204 次区块扫描完成 (耗时: 0.01秒)
📊 扫描后状态: 5个区块, 28条转账记录, 4个唯一地址
📈 新增: 0个区块, 0条转账记录
📋 当前区块: 0, 1, 2, 3, 4

🔄 [2025/5/15 18:46:32] 第 205 次区块扫描开始...
📊 扫描前状态: 5个区块, 28条转账记录, 4个唯一地址
🔎 获取从区块 13 到 17 的 Transfer 事件...
✅ 获取到 5 个 Transfer 事件
✅ 已更新区块数据（共 5 个）
📊 已更新转账记录
✅ [2025/5/15 18:46:32] 第 205 次区块扫描完成 (耗时: 0.01秒)
📊 扫描后状态: 5个区块, 28条转账记录, 4个唯一地址
📈 新增: 0个区块, 0条转账记录
📋 当前区块: 0, 1, 2, 3, 4

🔄 [2025/5/15 18:46:37] 第 206 次区块扫描开始...
📊 扫描前状态: 5个区块, 28条转账记录, 4个唯一地址
🔎 获取从区块 13 到 17 的 Transfer 事件...
✅ 获取到 5 个 Transfer 事件
✅ 已更新区块数据（共 5 个）
📊 已更新转账记录
✅ [2025/5/15 18:46:37] 第 206 次区块扫描完成 (耗时: 0.01秒)
📊 扫描后状态: 5个区块, 28条转账记录, 4个唯一地址
📈 新增: 0个区块, 0条转账记录
📋 当前区块: 0, 1, 2, 3, 4

🔄 [2025/5/15 18:46:42] 第 207 次区块扫描开始...
📊 扫描前状态: 5个区块, 28条转账记录, 4个唯一地址
🔎 获取从区块 13 到 17 的 Transfer 事件...
✅ 获取到 5 个 Transfer 事件
✅ 已更新区块数据（共 5 个）
📊 已更新转账记录
✅ [2025/5/15 18:46:42] 第 207 次区块扫描完成 (耗时: 0.01秒)
📊 扫描后状态: 5个区块, 28条转账记录, 4个唯一地址
📈 新增: 0个区块, 0条转账记录
📋 当前区块: 0, 1, 2, 3, 4

🔄 [2025/5/15 18:46:47] 第 208 次区块扫描开始...
📊 扫描前状态: 5个区块, 28条转账记录, 4个唯一地址
🔎 获取从区块 13 到 17 的 Transfer 事件...
✅ 获取到 5 个 Transfer 事件
✅ 已更新区块数据（共 5 个）
📊 已更新转账记录
✅ [2025/5/15 18:46:47] 第 208 次区块扫描完成 (耗时: 0.01秒)
📊 扫描后状态: 5个区块, 28条转账记录, 4个唯一地址
📈 新增: 0个区块, 0条转账记录
📋 当前区块: 0, 1, 2, 3, 4

🔄 [2025/5/15 18:46:52] 第 209 次区块扫描开始...
📊 扫描前状态: 5个区块, 28条转账记录, 4个唯一地址
🔎 获取从区块 13 到 17 的 Transfer 事件...
✅ 获取到 5 个 Transfer 事件
✅ 已更新区块数据（共 5 个）
📊 已更新转账记录
✅ [2025/5/15 18:46:52] 第 209 次区块扫描完成 (耗时: 0.01秒)
📊 扫描后状态: 5个区块, 28条转账记录, 4个唯一地址
📈 新增: 0个区块, 0条转账记录
📋 当前区块: 0, 1, 2, 3, 4

🔄 [2025/5/15 18:46:57] 第 210 次区块扫描开始...
📊 扫描前状态: 5个区块, 28条转账记录, 4个唯一地址
🔎 获取从区块 13 到 17 的 Transfer 事件...
✅ 获取到 5 个 Transfer 事件
✅ 已更新区块数据（共 5 个）
📊 已更新转账记录
✅ [2025/5/15 18:46:57] 第 210 次区块扫描完成 (耗时: 0.01秒)
📊 扫描后状态: 5个区块, 28条转账记录, 4个唯一地址
📈 新增: 0个区块, 0条转账记录
📋 当前区块: 0, 1, 2, 3, 4

🔄 [2025/5/15 18:47:02] 第 211 次区块扫描开始...
📊 扫描前状态: 5个区块, 28条转账记录, 4个唯一地址
🔎 获取从区块 13 到 17 的 Transfer 事件...
✅ 获取到 5 个 Transfer 事件
✅ 已更新区块数据（共 5 个）
📊 已更新转账记录
✅ [2025/5/15 18:47:02] 第 211 次区块扫描完成 (耗时: 0.01秒)
📊 扫描后状态: 5个区块, 28条转账记录, 4个唯一地址
📈 新增: 0个区块, 0条转账记录
📋 当前区块: 0, 1, 2, 3, 4

🔄 [2025/5/15 18:47:07] 第 212 次区块扫描开始...
📊 扫描前状态: 5个区块, 28条转账记录, 4个唯一地址
🔎 获取从区块 13 到 17 的 Transfer 事件...
✅ 获取到 5 个 Transfer 事件
✅ 已更新区块数据（共 5 个）
📊 已更新转账记录
✅ [2025/5/15 18:47:07] 第 212 次区块扫描完成 (耗时: 0.01秒)
📊 扫描后状态: 5个区块, 28条转账记录, 4个唯一地址
📈 新增: 0个区块, 0条转账记录
📋 当前区块: 0, 1, 2, 3, 4

🔄 [2025/5/15 18:47:12] 第 213 次区块扫描开始...
📊 扫描前状态: 5个区块, 28条转账记录, 4个唯一地址
🔎 获取从区块 13 到 17 的 Transfer 事件...
✅ 获取到 5 个 Transfer 事件
✅ 已更新区块数据（共 5 个）
📊 已更新转账记录
✅ [2025/5/15 18:47:12] 第 213 次区块扫描完成 (耗时: 0.01秒)
📊 扫描后状态: 5个区块, 28条转账记录, 4个唯一地址
📈 新增: 0个区块, 0条转账记录
📋 当前区块: 0, 1, 2, 3, 4

🔄 [2025/5/15 18:47:17] 第 214 次区块扫描开始...
📊 扫描前状态: 5个区块, 28条转账记录, 4个唯一地址
🔎 获取从区块 13 到 17 的 Transfer 事件...
✅ 获取到 5 个 Transfer 事件
✅ 已更新区块数据（共 5 个）
📊 已更新转账记录
✅ [2025/5/15 18:47:17] 第 214 次区块扫描完成 (耗时: 0.01秒)
📊 扫描后状态: 5个区块, 28条转账记录, 4个唯一地址
📈 新增: 0个区块, 0条转账记录
📋 当前区块: 0, 1, 2, 3, 4

🔄 [2025/5/15 18:47:22] 第 215 次区块扫描开始...
📊 扫描前状态: 5个区块, 28条转账记录, 4个唯一地址
🔎 获取从区块 13 到 17 的 Transfer 事件...
✅ 获取到 5 个 Transfer 事件
✅ 已更新区块数据（共 5 个）
📊 已更新转账记录
✅ [2025/5/15 18:47:22] 第 215 次区块扫描完成 (耗时: 0.01秒)
📊 扫描后状态: 5个区块, 28条转账记录, 4个唯一地址
📈 新增: 0个区块, 0条转账记录
📋 当前区块: 0, 1, 2, 3, 4

🔄 [2025/5/15 18:47:27] 第 216 次区块扫描开始...
📊 扫描前状态: 5个区块, 28条转账记录, 4个唯一地址
🔎 获取从区块 13 到 17 的 Transfer 事件...
✅ 获取到 5 个 Transfer 事件
✅ 已更新区块数据（共 5 个）
📊 已更新转账记录
✅ [2025/5/15 18:47:27] 第 216 次区块扫描完成 (耗时: 0.02秒)
📊 扫描后状态: 5个区块, 28条转账记录, 4个唯一地址
📈 新增: 0个区块, 0条转账记录
📋 当前区块: 0, 1, 2, 3, 4

🔄 [2025/5/15 18:47:32] 第 217 次区块扫描开始...
📊 扫描前状态: 5个区块, 28条转账记录, 4个唯一地址
🔎 获取从区块 13 到 17 的 Transfer 事件...
✅ 获取到 5 个 Transfer 事件
✅ 已更新区块数据（共 5 个）
📊 已更新转账记录
✅ [2025/5/15 18:47:32] 第 217 次区块扫描完成 (耗时: 0.01秒)
📊 扫描后状态: 5个区块, 28条转账记录, 4个唯一地址
📈 新增: 0个区块, 0条转账记录
📋 当前区块: 0, 1, 2, 3, 4

🔄 [2025/5/15 18:47:37] 第 218 次区块扫描开始...
📊 扫描前状态: 5个区块, 28条转账记录, 4个唯一地址
🔎 获取从区块 13 到 17 的 Transfer 事件...
✅ 获取到 5 个 Transfer 事件
✅ 已更新区块数据（共 5 个）
📊 已更新转账记录
✅ [2025/5/15 18:47:37] 第 218 次区块扫描完成 (耗时: 0.01秒)
📊 扫描后状态: 5个区块, 28条转账记录, 4个唯一地址
📈 新增: 0个区块, 0条转账记录
📋 当前区块: 0, 1, 2, 3, 4

🔄 [2025/5/15 18:47:42] 第 219 次区块扫描开始...
📊 扫描前状态: 5个区块, 28条转账记录, 4个唯一地址
🔎 获取从区块 13 到 17 的 Transfer 事件...
✅ 获取到 5 个 Transfer 事件
✅ 已更新区块数据（共 5 个）
📊 已更新转账记录
✅ [2025/5/15 18:47:42] 第 219 次区块扫描完成 (耗时: 0.01秒)
📊 扫描后状态: 5个区块, 28条转账记录, 4个唯一地址
📈 新增: 0个区块, 0条转账记录
📋 当前区块: 0, 1, 2, 3, 4

🔄 [2025/5/15 18:47:47] 第 220 次区块扫描开始...
📊 扫描前状态: 5个区块, 28条转账记录, 4个唯一地址
🔎 获取从区块 13 到 17 的 Transfer 事件...
✅ 获取到 5 个 Transfer 事件
✅ 已更新区块数据（共 5 个）
📊 已更新转账记录
✅ [2025/5/15 18:47:47] 第 220 次区块扫描完成 (耗时: 0.01秒)
📊 扫描后状态: 5个区块, 28条转账记录, 4个唯一地址
📈 新增: 0个区块, 0条转账记录
📋 当前区块: 0, 1, 2, 3, 4

🔄 [2025/5/15 18:47:52] 第 221 次区块扫描开始...
📊 扫描前状态: 5个区块, 28条转账记录, 4个唯一地址
🔎 获取从区块 13 到 17 的 Transfer 事件...
✅ 获取到 5 个 Transfer 事件
✅ 已更新区块数据（共 5 个）
📊 已更新转账记录
✅ [2025/5/15 18:47:52] 第 221 次区块扫描完成 (耗时: 0.01秒)
📊 扫描后状态: 5个区块, 28条转账记录, 4个唯一地址
📈 新增: 0个区块, 0条转账记录
📋 当前区块: 0, 1, 2, 3, 4

🔄 [2025/5/15 18:47:57] 第 222 次区块扫描开始...
📊 扫描前状态: 5个区块, 28条转账记录, 4个唯一地址
🔎 获取从区块 13 到 17 的 Transfer 事件...
✅ 获取到 5 个 Transfer 事件
✅ 已更新区块数据（共 5 个）
📊 已更新转账记录
✅ [2025/5/15 18:47:57] 第 222 次区块扫描完成 (耗时: 0.01秒)
📊 扫描后状态: 5个区块, 28条转账记录, 4个唯一地址
📈 新增: 0个区块, 0条转账记录
📋 当前区块: 0, 1, 2, 3, 4

🔄 [2025/5/15 18:48:02] 第 223 次区块扫描开始...
📊 扫描前状态: 5个区块, 28条转账记录, 4个唯一地址
🔎 获取从区块 13 到 17 的 Transfer 事件...
✅ 获取到 5 个 Transfer 事件
✅ 已更新区块数据（共 5 个）
📊 已更新转账记录
✅ [2025/5/15 18:48:02] 第 223 次区块扫描完成 (耗时: 0.01秒)
📊 扫描后状态: 5个区块, 28条转账记录, 4个唯一地址
📈 新增: 0个区块, 0条转账记录
📋 当前区块: 0, 1, 2, 3, 4

🔄 [2025/5/15 18:48:07] 第 224 次区块扫描开始...
📊 扫描前状态: 5个区块, 28条转账记录, 4个唯一地址
🔎 获取从区块 13 到 17 的 Transfer 事件...
✅ 获取到 5 个 Transfer 事件
✅ 已更新区块数据（共 5 个）
📊 已更新转账记录
✅ [2025/5/15 18:48:07] 第 224 次区块扫描完成 (耗时: 0.01秒)
📊 扫描后状态: 5个区块, 28条转账记录, 4个唯一地址
📈 新增: 0个区块, 0条转账记录
📋 当前区块: 0, 1, 2, 3, 4

🔄 [2025/5/15 18:48:12] 第 225 次区块扫描开始...
📊 扫描前状态: 5个区块, 28条转账记录, 4个唯一地址
🔎 获取从区块 13 到 17 的 Transfer 事件...
✅ 获取到 5 个 Transfer 事件
✅ 已更新区块数据（共 5 个）
📊 已更新转账记录
✅ [2025/5/15 18:48:12] 第 225 次区块扫描完成 (耗时: 0.01秒)
📊 扫描后状态: 5个区块, 28条转账记录, 4个唯一地址
📈 新增: 0个区块, 0条转账记录
📋 当前区块: 0, 1, 2, 3, 4

🔄 [2025/5/15 18:48:17] 第 226 次区块扫描开始...
📊 扫描前状态: 5个区块, 28条转账记录, 4个唯一地址
🔎 获取从区块 13 到 17 的 Transfer 事件...
✅ 获取到 5 个 Transfer 事件
✅ 已更新区块数据（共 5 个）
📊 已更新转账记录
✅ [2025/5/15 18:48:17] 第 226 次区块扫描完成 (耗时: 0.01秒)
📊 扫描后状态: 5个区块, 28条转账记录, 4个唯一地址
📈 新增: 0个区块, 0条转账记录
📋 当前区块: 0, 1, 2, 3, 4

🔄 [2025/5/15 18:48:22] 第 227 次区块扫描开始...
📊 扫描前状态: 5个区块, 28条转账记录, 4个唯一地址
🔎 获取从区块 13 到 17 的 Transfer 事件...
✅ 获取到 5 个 Transfer 事件
✅ 已更新区块数据（共 5 个）
📊 已更新转账记录
✅ [2025/5/15 18:48:22] 第 227 次区块扫描完成 (耗时: 0.01秒)
📊 扫描后状态: 5个区块, 28条转账记录, 4个唯一地址
📈 新增: 0个区块, 0条转账记录
📋 当前区块: 0, 1, 2, 3, 4

🔄 [2025/5/15 18:48:27] 第 228 次区块扫描开始...
📊 扫描前状态: 5个区块, 28条转账记录, 4个唯一地址
🔎 获取从区块 13 到 17 的 Transfer 事件...
✅ 获取到 5 个 Transfer 事件
✅ 已更新区块数据（共 5 个）
📊 已更新转账记录
✅ [2025/5/15 18:48:27] 第 228 次区块扫描完成 (耗时: 0.01秒)
📊 扫描后状态: 5个区块, 28条转账记录, 4个唯一地址
📈 新增: 0个区块, 0条转账记录
📋 当前区块: 0, 1, 2, 3, 4

🔄 [2025/5/15 18:48:32] 第 229 次区块扫描开始...
📊 扫描前状态: 5个区块, 28条转账记录, 4个唯一地址
🔎 获取从区块 13 到 17 的 Transfer 事件...
✅ 获取到 5 个 Transfer 事件
✅ 已更新区块数据（共 5 个）
📊 已更新转账记录
✅ [2025/5/15 18:48:32] 第 229 次区块扫描完成 (耗时: 0.01秒)
📊 扫描后状态: 5个区块, 28条转账记录, 4个唯一地址
📈 新增: 0个区块, 0条转账记录
📋 当前区块: 0, 1, 2, 3, 4

🔄 [2025/5/15 18:48:37] 第 230 次区块扫描开始...
📊 扫描前状态: 5个区块, 28条转账记录, 4个唯一地址
🔎 获取从区块 13 到 17 的 Transfer 事件...
✅ 获取到 5 个 Transfer 事件
✅ 已更新区块数据（共 5 个）
📊 已更新转账记录
✅ [2025/5/15 18:48:37] 第 230 次区块扫描完成 (耗时: 0.01秒)
📊 扫描后状态: 5个区块, 28条转账记录, 4个唯一地址
📈 新增: 0个区块, 0条转账记录
📋 当前区块: 0, 1, 2, 3, 4

🔄 [2025/5/15 18:48:42] 第 231 次区块扫描开始...
📊 扫描前状态: 5个区块, 28条转账记录, 4个唯一地址
🔎 获取从区块 13 到 17 的 Transfer 事件...
✅ 获取到 5 个 Transfer 事件
✅ 已更新区块数据（共 5 个）
📊 已更新转账记录
✅ [2025/5/15 18:48:42] 第 231 次区块扫描完成 (耗时: 0.01秒)
📊 扫描后状态: 5个区块, 28条转账记录, 4个唯一地址
📈 新增: 0个区块, 0条转账记录
📋 当前区块: 0, 1, 2, 3, 4

🔄 [2025/5/15 18:48:47] 第 232 次区块扫描开始...
📊 扫描前状态: 5个区块, 28条转账记录, 4个唯一地址
🔎 获取从区块 13 到 17 的 Transfer 事件...
✅ 获取到 5 个 Transfer 事件
✅ 已更新区块数据（共 5 个）
📊 已更新转账记录
✅ [2025/5/15 18:48:47] 第 232 次区块扫描完成 (耗时: 0.01秒)
📊 扫描后状态: 5个区块, 28条转账记录, 4个唯一地址
📈 新增: 0个区块, 0条转账记录
📋 当前区块: 0, 1, 2, 3, 4
📝 [2025/5/15 18:48:49] GET /stats
📊 获取数据库统计信息
📝 [2025/5/15 18:48:49] GET /transfers?limit=20
🔍 获取所有转账记录 - 找到 14 条，返回 14 条

🔄 [2025/5/15 18:48:52] 第 233 次区块扫描开始...
📊 扫描前状态: 5个区块, 28条转账记录, 4个唯一地址
🔎 获取从区块 13 到 17 的 Transfer 事件...
✅ 获取到 5 个 Transfer 事件
✅ 已更新区块数据（共 5 个）
📊 已更新转账记录
✅ [2025/5/15 18:48:52] 第 233 次区块扫描完成 (耗时: 0.01秒)
📊 扫描后状态: 5个区块, 28条转账记录, 4个唯一地址
📈 新增: 0个区块, 0条转账记录
📋 当前区块: 0, 1, 2, 3, 4

🔄 [2025/5/15 18:48:57] 第 234 次区块扫描开始...
📊 扫描前状态: 5个区块, 28条转账记录, 4个唯一地址
🔎 获取从区块 13 到 17 的 Transfer 事件...
✅ 获取到 5 个 Transfer 事件
✅ 已更新区块数据（共 5 个）
📊 已更新转账记录
✅ [2025/5/15 18:48:57] 第 234 次区块扫描完成 (耗时: 0.01秒)
📊 扫描后状态: 5个区块, 28条转账记录, 4个唯一地址
📈 新增: 0个区块, 0条转账记录
📋 当前区块: 0, 1, 2, 3, 4

🔄 [2025/5/15 18:49:02] 第 235 次区块扫描开始...
📊 扫描前状态: 5个区块, 28条转账记录, 4个唯一地址
🔎 获取从区块 13 到 17 的 Transfer 事件...
✅ 获取到 5 个 Transfer 事件
✅ 已更新区块数据（共 5 个）
📊 已更新转账记录
✅ [2025/5/15 18:49:02] 第 235 次区块扫描完成 (耗时: 0.01秒)
📊 扫描后状态: 5个区块, 28条转账记录, 4个唯一地址
📈 新增: 0个区块, 0条转账记录
📋 当前区块: 0, 1, 2, 3, 4

🔄 [2025/5/15 18:49:07] 第 236 次区块扫描开始...
📊 扫描前状态: 5个区块, 28条转账记录, 4个唯一地址
🔎 获取从区块 13 到 17 的 Transfer 事件...
✅ 获取到 5 个 Transfer 事件
✅ 已更新区块数据（共 5 个）
📊 已更新转账记录
✅ [2025/5/15 18:49:07] 第 236 次区块扫描完成 (耗时: 0.01秒)
📊 扫描后状态: 5个区块, 28条转账记录, 4个唯一地址
📈 新增: 0个区块, 0条转账记录
📋 当前区块: 0, 1, 2, 3, 4

🔄 [2025/5/15 18:49:12] 第 237 次区块扫描开始...
📊 扫描前状态: 5个区块, 28条转账记录, 4个唯一地址
🔎 获取从区块 13 到 17 的 Transfer 事件...
✅ 获取到 5 个 Transfer 事件
✅ 已更新区块数据（共 5 个）
📊 已更新转账记录
✅ [2025/5/15 18:49:12] 第 237 次区块扫描完成 (耗时: 0.01秒)
📊 扫描后状态: 5个区块, 28条转账记录, 4个唯一地址
📈 新增: 0个区块, 0条转账记录
📋 当前区块: 0, 1, 2, 3, 4

🔄 [2025/5/15 18:49:17] 第 238 次区块扫描开始...
📊 扫描前状态: 5个区块, 28条转账记录, 4个唯一地址
🔎 获取从区块 13 到 17 的 Transfer 事件...
✅ 获取到 5 个 Transfer 事件
✅ 已更新区块数据（共 5 个）
📊 已更新转账记录
✅ [2025/5/15 18:49:17] 第 238 次区块扫描完成 (耗时: 0.01秒)
📊 扫描后状态: 5个区块, 28条转账记录, 4个唯一地址
📈 新增: 0个区块, 0条转账记录
📋 当前区块: 0, 1, 2, 3, 4

🔄 [2025/5/15 18:49:22] 第 239 次区块扫描开始...
📊 扫描前状态: 5个区块, 28条转账记录, 4个唯一地址
🔎 获取从区块 13 到 17 的 Transfer 事件...
✅ 获取到 5 个 Transfer 事件
✅ 已更新区块数据（共 5 个）
📊 已更新转账记录
✅ [2025/5/15 18:49:22] 第 239 次区块扫描完成 (耗时: 0.01秒)
📊 扫描后状态: 5个区块, 28条转账记录, 4个唯一地址
📈 新增: 0个区块, 0条转账记录
📋 当前区块: 0, 1, 2, 3, 4

🔄 [2025/5/15 18:49:27] 第 240 次区块扫描开始...
📊 扫描前状态: 5个区块, 28条转账记录, 4个唯一地址
🔎 获取从区块 13 到 17 的 Transfer 事件...
✅ 获取到 5 个 Transfer 事件
✅ 已更新区块数据（共 5 个）
📊 已更新转账记录
✅ [2025/5/15 18:49:27] 第 240 次区块扫描完成 (耗时: 0.01秒)
📊 扫描后状态: 5个区块, 28条转账记录, 4个唯一地址
📈 新增: 0个区块, 0条转账记录
📋 当前区块: 0, 1, 2, 3, 4

🔄 [2025/5/15 18:49:32] 第 241 次区块扫描开始...
📊 扫描前状态: 5个区块, 28条转账记录, 4个唯一地址
🔎 获取从区块 13 到 17 的 Transfer 事件...
✅ 获取到 5 个 Transfer 事件
✅ 已更新区块数据（共 5 个）
📊 已更新转账记录
✅ [2025/5/15 18:49:32] 第 241 次区块扫描完成 (耗时: 0.01秒)
📊 扫描后状态: 5个区块, 28条转账记录, 4个唯一地址
📈 新增: 0个区块, 0条转账记录
📋 当前区块: 0, 1, 2, 3, 4

🔄 [2025/5/15 18:49:37] 第 242 次区块扫描开始...
📊 扫描前状态: 5个区块, 28条转账记录, 4个唯一地址
🔎 获取从区块 13 到 17 的 Transfer 事件...
✅ 获取到 5 个 Transfer 事件
✅ 已更新区块数据（共 5 个）
📊 已更新转账记录
✅ [2025/5/15 18:49:37] 第 242 次区块扫描完成 (耗时: 0.01秒)
📊 扫描后状态: 5个区块, 28条转账记录, 4个唯一地址
📈 新增: 0个区块, 0条转账记录
📋 当前区块: 0, 1, 2, 3, 4

🔄 [2025/5/15 18:49:42] 第 243 次区块扫描开始...
📊 扫描前状态: 5个区块, 28条转账记录, 4个唯一地址
🔎 获取从区块 13 到 17 的 Transfer 事件...
✅ 获取到 5 个 Transfer 事件
✅ 已更新区块数据（共 5 个）
📊 已更新转账记录
✅ [2025/5/15 18:49:42] 第 243 次区块扫描完成 (耗时: 0.01秒)
📊 扫描后状态: 5个区块, 28条转账记录, 4个唯一地址
📈 新增: 0个区块, 0条转账记录
📋 当前区块: 0, 1, 2, 3, 4

🔄 [2025/5/15 18:49:47] 第 244 次区块扫描开始...
📊 扫描前状态: 5个区块, 28条转账记录, 4个唯一地址
🔎 获取从区块 13 到 17 的 Transfer 事件...
✅ 获取到 5 个 Transfer 事件
✅ 已更新区块数据（共 5 个）
📊 已更新转账记录
✅ [2025/5/15 18:49:47] 第 244 次区块扫描完成 (耗时: 0.01秒)
📊 扫描后状态: 5个区块, 28条转账记录, 4个唯一地址
📈 新增: 0个区块, 0条转账记录
📋 当前区块: 0, 1, 2, 3, 4

🔄 [2025/5/15 18:49:52] 第 245 次区块扫描开始...
📊 扫描前状态: 5个区块, 28条转账记录, 4个唯一地址
🔎 获取从区块 13 到 17 的 Transfer 事件...
✅ 获取到 5 个 Transfer 事件
✅ 已更新区块数据（共 5 个）
📊 已更新转账记录
✅ [2025/5/15 18:49:52] 第 245 次区块扫描完成 (耗时: 0.02秒)
📊 扫描后状态: 5个区块, 28条转账记录, 4个唯一地址
📈 新增: 0个区块, 0条转账记录
📋 当前区块: 0, 1, 2, 3, 4
